#
# There is insufficient memory for the Java Runtime Environment to continue.
# Native memory allocation (mmap) failed to map 65536 bytes. Error detail: Failed to commit metaspace.
# Possible reasons:
#   The system is out of physical RAM or swap space
#   This process is running with CompressedOops enabled, and the Java Heap may be blocking the growth of the native heap
# Possible solutions:
#   Reduce memory load on the system
#   Increase physical memory or swap space
#   Check if swap backing store is full
#   Decrease Java heap size (-Xmx/-Xms)
#   Decrease number of Java threads
#   Decrease Java thread stack sizes (-Xss)
#   Set larger code cache with -XX:ReservedCodeCacheSize=
#   JVM is running with Unscaled Compressed Oops mode in which the Java heap is
#     placed in the first 4GB address space. The Java Heap base address is the
#     maximum limit for the native heap growth. Please use -XX:HeapBaseMinAddress
#     to set the Java Heap base and to place the Java Heap above 4GB virtual address.
# This output file may be truncated or incomplete.
#
#  Out of Memory Error (virtualSpaceNode.cpp:113), pid=38212, tid=36640
#
# JRE version: OpenJDK Runtime Environment Temurin-21.0.6+7 (21.0.6+7) (build 21.0.6+7-LTS)
# Java VM: OpenJDK 64-Bit Server VM Temurin-21.0.6+7 (21.0.6+7-LTS, mixed mode, sharing, tiered, compressed oops, compressed class ptrs, parallel gc, windows-amd64)
# No core dump will be written. Minidumps are not enabled by default on client versions of Windows
#

---------------  S U M M A R Y ------------

Command Line: --add-modules=ALL-SYSTEM --add-opens=java.base/java.util=ALL-UNNAMED --add-opens=java.base/java.lang=ALL-UNNAMED --add-opens=java.base/sun.nio.fs=ALL-UNNAMED -Declipse.application=org.eclipse.jdt.ls.core.id1 -Dosgi.bundles.defaultStartLevel=4 -Declipse.product=org.eclipse.jdt.ls.core.product -Djava.import.generatesMetadataFilesAtProjectRoot=false -DDetectVMInstallationsJob.disabled=true -Dfile.encoding=utf8 -XX:+UseParallelGC -XX:GCTimeRatio=4 -XX:AdaptiveSizePolicyWeight=90 -Dsun.zip.disableMemoryMapping=true -Xmx1G -Xms100m -Xlog:disable -javaagent:c:\Users\Sirius\.vscode\extensions\redhat.java-1.41.1-win32-x64\lombok\lombok-1.18.36.jar c:\Users\Sirius\.vscode\extensions\redhat.java-1.41.1-win32-x64\server\plugins\org.eclipse.equinox.launcher_1.7.0.v20250331-1702.jar -configuration c:\Users\Sirius\AppData\Roaming\Code\User\globalStorage\redhat.java\1.41.1\config_ss_win -data c:\Users\Sirius\AppData\Roaming\Code\User\workspaceStorage\30a71a52b3a2c275e2a1251976667930\redhat.java\ss_ws --pipe=\\.\pipe\lsp-aeb19a4dcff8309c0178118dc07631cd-sock

Host: Intel(R) Core(TM) i7-7700HQ CPU @ 2.80GHz, 8 cores, 15G,  Windows 10 , 64 bit Build 19041 (10.0.19041.5678)
Time: Thu May  8 20:21:52 2025 Hora oficial do Brasil elapsed time: 2.641912 seconds (0d 0h 0m 2s)

---------------  T H R E A D  ---------------

Current thread (0x0000000000516670):  JavaThread "main"             [_thread_in_vm, id=36640, stack(0x00000000021c0000,0x00000000022c0000) (1024K)]

Stack: [0x00000000021c0000,0x00000000022c0000]
Native frames: (J=compiled Java code, j=interpreted, Vv=VM code, C=native code)
V  [jvm.dll+0x6cdee9]
V  [jvm.dll+0x8a83d1]
V  [jvm.dll+0x8aa8fe]
V  [jvm.dll+0x8aafe3]
V  [jvm.dll+0x27f706]
V  [jvm.dll+0x8a411e]
V  [jvm.dll+0x670385]
V  [jvm.dll+0x1e472c]
V  [jvm.dll+0x1e44fe]
V  [jvm.dll+0x672c82]
V  [jvm.dll+0x672aa2]
V  [jvm.dll+0x670d5e]
V  [jvm.dll+0x26a730]
V  [jvm.dll+0x216107]
V  [jvm.dll+0x20bb8e]
V  [jvm.dll+0x5ae3ec]
V  [jvm.dll+0x821736]
V  [jvm.dll+0x471736]
V  [jvm.dll+0x477608]
C  [java.dll+0x17ec]

Java frames: (J=compiled Java code, j=interpreted, Vv=VM code)
J 1056  java.lang.ClassLoader.defineClass1(Ljava/lang/ClassLoader;Ljava/lang/String;[BIILjava/security/ProtectionDomain;Ljava/lang/String;)Ljava/lang/Class; java.base@21.0.6 (0 bytes) @ 0x000000000d943391 [0x000000000d9432c0+0x00000000000000d1]
j  java.lang.ClassLoader.defineClass(Ljava/lang/String;[BIILjava/security/ProtectionDomain;)Ljava/lang/Class;+27 java.base@21.0.6
j  java.security.SecureClassLoader.defineClass(Ljava/lang/String;[BIILjava/security/CodeSource;)Ljava/lang/Class;+12 java.base@21.0.6
j  java.net.URLClassLoader.defineClass(Ljava/lang/String;Ljdk/internal/loader/Resource;)Ljava/lang/Class;+220 java.base@21.0.6
j  java.net.URLClassLoader$1.run()Ljava/lang/Class;+43 java.base@21.0.6
j  java.net.URLClassLoader$1.run()Ljava/lang/Object;+1 java.base@21.0.6
J 1094 c1 java.security.AccessController.executePrivileged(Ljava/security/PrivilegedExceptionAction;Ljava/security/AccessControlContext;Ljava/lang/Class;)Ljava/lang/Object; java.base@21.0.6 (65 bytes) @ 0x0000000005fbcac4 [0x0000000005fbc960+0x0000000000000164]
j  java.security.AccessController.doPrivileged(Ljava/security/PrivilegedExceptionAction;Ljava/security/AccessControlContext;)Ljava/lang/Object;+13 java.base@21.0.6
j  java.net.URLClassLoader.findClass(Ljava/lang/String;)Ljava/lang/Class;+13 java.base@21.0.6
J 1112 c1 java.lang.ClassLoader.loadClass(Ljava/lang/String;Z)Ljava/lang/Class; java.base@21.0.6 (121 bytes) @ 0x0000000005fc1f24 [0x0000000005fc1960+0x00000000000005c4]
J 974 c1 java.lang.ClassLoader.loadClass(Ljava/lang/String;)Ljava/lang/Class; java.base@21.0.6 (7 bytes) @ 0x0000000005f850d4 [0x0000000005f84fc0+0x0000000000000114]
v  ~StubRoutines::call_stub 0x000000000d33100d
j  org.eclipse.osgi.storage.Storage.<init>(Lorg/eclipse/osgi/internal/framework/EquinoxContainer;[Ljava/lang/String;)V+642
j  org.eclipse.osgi.storage.Storage.createStorage(Lorg/eclipse/osgi/internal/framework/EquinoxContainer;)Lorg/eclipse/osgi/storage/Storage;+11
j  org.eclipse.osgi.internal.framework.EquinoxContainer.<init>(Ljava/util/Map;Lorg/osgi/framework/connect/ModuleConnector;)V+146
j  org.eclipse.osgi.launch.Equinox.<init>(Ljava/util/Map;Lorg/osgi/framework/connect/ModuleConnector;)V+10
j  org.eclipse.osgi.launch.Equinox.<init>(Ljava/util/Map;)V+3
j  org.eclipse.core.runtime.adaptor.EclipseStarter.startup([Ljava/lang/String;Ljava/lang/Runnable;)Lorg/osgi/framework/BundleContext;+28
j  org.eclipse.core.runtime.adaptor.EclipseStarter.run([Ljava/lang/String;Ljava/lang/Runnable;)Ljava/lang/Object;+21
j  java.lang.invoke.DirectMethodHandle$Holder.invokeStatic(Ljava/lang/Object;Ljava/lang/Object;Ljava/lang/Object;)Ljava/lang/Object;+11 java.base@21.0.6
j  java.lang.invoke.LambdaForm$MH+0x0000000018080800.invoke(Ljava/lang/Object;Ljava/lang/Object;Ljava/lang/Object;Ljava/lang/Object;)Ljava/lang/Object;+54 java.base@21.0.6
j  java.lang.invoke.LambdaForm$MH+0x0000000018002c00.invokeExact_MT(Ljava/lang/Object;Ljava/lang/Object;Ljava/lang/Object;Ljava/lang/Object;Ljava/lang/Object;)Ljava/lang/Object;+22 java.base@21.0.6
j  jdk.internal.reflect.DirectMethodHandleAccessor.invokeImpl(Ljava/lang/Object;[Ljava/lang/Object;)Ljava/lang/Object;+72 java.base@21.0.6
j  jdk.internal.reflect.DirectMethodHandleAccessor.invoke(Ljava/lang/Object;[Ljava/lang/Object;)Ljava/lang/Object;+23 java.base@21.0.6
j  java.lang.reflect.Method.invoke(Ljava/lang/Object;[Ljava/lang/Object;)Ljava/lang/Object;+102 java.base@21.0.6
j  org.eclipse.equinox.launcher.Main.invokeFramework([Ljava/lang/String;[Ljava/net/URL;)V+155
j  org.eclipse.equinox.launcher.Main.basicRun([Ljava/lang/String;)V+159
j  org.eclipse.equinox.launcher.Main.run([Ljava/lang/String;)I+4
j  org.eclipse.equinox.launcher.Main.main([Ljava/lang/String;)V+10
v  ~StubRoutines::call_stub 0x000000000d33100d

Compiled method (n/a) 2738 1056     n 0       java.lang.ClassLoader::defineClass1 (native)
 total in heap  [0x000000000d943110,0x000000000d943598] = 1160
 relocation     [0x000000000d943270,0x000000000d9432a8] = 56
 main code      [0x000000000d9432c0,0x000000000d943596] = 726
 stub code      [0x000000000d943596,0x000000000d943598] = 2

[Constant Pool (empty)]

[MachCode]
[Entry Point]
  # {method} {0x0000000017430ff0} 'defineClass1' '(Ljava/lang/ClassLoader;Ljava/lang/String;[BIILjava/security/ProtectionDomain;Ljava/lang/String;)Ljava/lang/Class;' in 'java/lang/ClassLoader'
  # parm0:    rdx:rdx   = 'java/lang/ClassLoader'
  # parm1:    r8:r8     = 'java/lang/String'
  # parm2:    r9:r9     = '[B'
  # parm3:    rdi       = int
  # parm4:    rsi       = int
  # parm5:    rcx:rcx   = 'java/security/ProtectionDomain'
  # parm6:    [sp+0xa0]   = 'java/lang/String'  (sp of caller)
  0x000000000d9432c0: 448b 5208 | 49bb 0000 | 0017 0000 | 0000 4d03 | d349 3bc2 | 0f84 0600 

  0x000000000d9432d8: ;   {runtime_call ic_miss_stub}
  0x000000000d9432d8: 0000 e9a1 | b1a3 ff90 
[Verified Entry Point]
  0x000000000d9432e0: 8984 2400 | 80ff ff55 | 488b ec48 | 81ec 9000 | 0000 6690 | 4181 7f20 | 0100 0000 

  0x000000000d9432fc: ;   {runtime_call StubRoutines (final stubs)}
  0x000000000d9432fc: 7405 e8dd | 56a2 ff48 | 837d 1000 | 488d 4510 | 480f 4445 | 1048 8944 | 2440 4889 | 4c24 7048 
  0x000000000d94331c: 83f9 0048 | 8d44 2470 | 480f 4444 | 2470 4889 | 4424 3848 | 8974 2430 | 4889 7c24 | 284c 894c 
  0x000000000d94333c: 2458 4983 | f900 488d | 4424 5848 | 0f44 4424 | 5848 8944 | 2420 4c89 | 4424 5049 | 83f8 004c 
  0x000000000d94335c: 8d4c 2450 | 4c0f 444c | 2450 4889 | 5424 4848 | 83fa 004c | 8d44 2448 | 4c0f 4444 

  0x000000000d943378: ;   {oop(a 'java/lang/Class'{0x00000000ec44a488} = 'java/lang/ClassLoader')}
  0x000000000d943378: 2448 49be | 88a4 44ec | 0000 0000 | 4c89 7424 | 784c 8d74 | 2478 498b | d6c5 f877 

  0x000000000d943394: ;   {internal_word}
  0x000000000d943394: 49ba 9133 | 940d 0000 | 0000 4d89 | 97a0 0300 | 0049 89a7 | 9803 0000 

  0x000000000d9433ac: ;   {external_word}
  0x000000000d9433ac: 49ba 355b | af02 fd7f | 0000 4180 | 3a00 0f84 | 4e00 0000 | 5241 5041 

  0x000000000d9433c4: ;   {metadata({method} {0x0000000017430ff0} 'defineClass1' '(Ljava/lang/ClassLoader;Ljava/lang/String;[BIILjava/security/ProtectionDomain;Ljava/lang/String;)Ljava/lang/Class;' in 'java/lang/ClassLoader')}
  0x000000000d9433c4: 5148 bae8 | 0f43 1700 | 0000 0049 | 8bcf 4883 | ec20 40f6 | c40f 0f84 | 1900 0000 | 4883 ec08 
  0x000000000d9433e4: ;   {runtime_call}
  0x000000000d9433e4: 48b8 c04b | 5902 fd7f | 0000 ffd0 | 4883 c408 | e90c 0000 

  0x000000000d9433f8: ;   {runtime_call}
  0x000000000d9433f8: 0048 b8c0 | 4b59 02fd | 7f00 00ff | d048 83c4 | 2041 5941 | 585a 498d | 8fb8 0300 | 0041 c787 
  0x000000000d943418: 4404 0000 | 0400 0000 

  0x000000000d943420: ;   {runtime_call}
  0x000000000d943420: 48b8 ac16 | bb64 fd7f | 0000 ffd0 | c5f8 7741 | c787 4404 | 0000 0500 | 0000 f083 | 4424 c000 
  0x000000000d943440: 493b af48 | 0400 000f | 870e 0000 | 0041 83bf | 4004 0000 | 000f 842b | 0000 00c5 | f877 4889 
  0x000000000d943460: 45f8 498b | cf4c 8be4 | 4883 ec20 | 4883 e4f0 

  0x000000000d943470: ;   {runtime_call}
  0x000000000d943470: 48b8 60cf | 2402 fd7f | 0000 ffd0 | 498b e44d | 33e4 488b | 45f8 41c7 | 8744 0400 | 0008 0000 
  0x000000000d943490: 0041 83bf | c004 0000 | 020f 84ca 

  0x000000000d94349c: ;   {external_word}
  0x000000000d94349c: 0000 0049 | ba35 5baf | 02fd 7f00 | 0041 803a | 000f 844c | 0000 0048 

  0x000000000d9434b4: ;   {metadata({method} {0x0000000017430ff0} 'defineClass1' '(Ljava/lang/ClassLoader;Ljava/lang/String;[BIILjava/security/ProtectionDomain;Ljava/lang/String;)Ljava/lang/Class;' in 'java/lang/ClassLoader')}
  0x000000000d9434b4: 8945 f848 | bae8 0f43 | 1700 0000 | 0049 8bcf | 4883 ec20 | 40f6 c40f | 0f84 1900 | 0000 4883 
  0x000000000d9434d4: ;   {runtime_call}
  0x000000000d9434d4: ec08 48b8 | c04b 5902 | fd7f 0000 | ffd0 4883 | c408 e90c 

  0x000000000d9434e8: ;   {runtime_call}
  0x000000000d9434e8: 0000 0048 | b8c0 4b59 | 02fd 7f00 | 00ff d048 | 83c4 2048 | 8b45 f849 | c787 9803 | 0000 0000 
  0x000000000d943508: 0000 49c7 | 87a0 0300 | 0000 0000 | 00c5 f877 | 4885 c00f | 8425 0000 | 00a8 030f | 8508 0000 
  0x000000000d943528: 0048 8b00 | e915 0000 | 00a8 010f | 8509 0000 | 0048 8b40 | fee9 0400 | 0000 488b | 40ff 498b 
  0x000000000d943548: 8f28 0400 | 00c7 8100 | 0100 0000 | 0000 00c9 | 4983 7f08 | 000f 8501 | 0000 00c3 

  0x000000000d943564: ;   {runtime_call StubRoutines (initial stubs)}
  0x000000000d943564: e997 d99e | ffc5 f877 | 4889 45f8 | 4c8b e448 | 83ec 2048 

  0x000000000d943578: ;   {runtime_call}
  0x000000000d943578: 83e4 f048 | b8a0 8359 | 02fd 7f00 | 00ff d049 | 8be4 4d33 | e448 8b45 | f8e9 09ff | ffff f4f4 
[/MachCode]


Compiled method (c1) 2768 1094       3       java.security.AccessController::executePrivileged (65 bytes)
 total in heap  [0x0000000005fbc790,0x0000000005fbcd80] = 1520
 relocation     [0x0000000005fbc8f0,0x0000000005fbc958] = 104
 main code      [0x0000000005fbc960,0x0000000005fbcc08] = 680
 stub code      [0x0000000005fbcc08,0x0000000005fbcc60] = 88
 metadata       [0x0000000005fbcc60,0x0000000005fbcc70] = 16
 scopes data    [0x0000000005fbcc70,0x0000000005fbcce8] = 120
 scopes pcs     [0x0000000005fbcce8,0x0000000005fbcd68] = 128
 dependencies   [0x0000000005fbcd68,0x0000000005fbcd70] = 8
 nul chk table  [0x0000000005fbcd70,0x0000000005fbcd80] = 16

[Constant Pool (empty)]

[MachCode]
[Verified Entry Point]
  # {method} {0x000000001746cdb0} 'executePrivileged' '(Ljava/security/PrivilegedExceptionAction;Ljava/security/AccessControlContext;Ljava/lang/Class;)Ljava/lang/Object;' in 'java/security/AccessController'
  # parm0:    rdx:rdx   = 'java/security/PrivilegedExceptionAction'
  # parm1:    r8:r8     = 'java/security/AccessControlContext'
  # parm2:    r9:r9     = 'java/lang/Class'
  #           [sp+0x50]  (sp of caller)
  0x0000000005fbc960: 8984 2400 | 80ff ff55 | 4883 ec40 | 4181 7f20 | 0100 0000 

  0x0000000005fbc974: ;   {runtime_call StubRoutines (final stubs)}
  0x0000000005fbc974: 7405 e865 | c03a 074c | 8944 2430 

  0x0000000005fbc980: ;   {metadata(method data for {method} {0x000000001746cdb0} 'executePrivileged' '(Ljava/security/PrivilegedExceptionAction;Ljava/security/AccessControlContext;Ljava/lang/Class;)Ljava/lang/Object;' in 'java/security/AccessController')}
  0x0000000005fbc980: 48be b076 | 2e5a 0000 | 0000 8bbe | cc00 0000 | 83c7 0289 | becc 0000 | 0081 e7fe | 0700 0085 
  0x0000000005fbc9a0: ff0f 84bf | 0100 004d 

  0x0000000005fbc9a8: ;   {metadata(method data for {method} {0x000000001746cdb0} 'executePrivileged' '(Ljava/security/PrivilegedExceptionAction;Ljava/security/AccessControlContext;Ljava/lang/Class;)Ljava/lang/Object;' in 'java/security/AccessController')}
  0x0000000005fbc9a8: 85c0 48be | b076 2e5a | 0000 0000 | 48c7 c710 | 0100 0074 | 0748 c7c7 | 2001 0000 | 488b 1c3e 
  0x0000000005fbc9c8: 488d 5b01 | 4889 1c3e | 4c89 4c24 | 2848 8954 | 2420 0f84 | 2400 0000 

  0x0000000005fbc9e0: ;   {metadata(method data for {method} {0x000000001746cdb0} 'executePrivileged' '(Ljava/security/PrivilegedExceptionAction;Ljava/security/AccessControlContext;Ljava/lang/Class;)Ljava/lang/Object;' in 'java/security/AccessController')}
  0x0000000005fbc9e0: 48be b076 | 2e5a 0000 | 0000 4883 | 8630 0100 | 0001 498b 

  0x0000000005fbc9f4: ;   {static_call}
  0x0000000005fbc9f4: d066 90e8 

  0x0000000005fbc9f8: ; ImmutableOopMap {[32]=Oop [40]=Oop [48]=Oop }
                      ;*invokestatic ensureMaterializedForStackWalk {reexecute=0 rethrow=0 return_oop=0}
                      ; - java.security.AccessController::executePrivileged@5
  0x0000000005fbc9f8: e4b1 9807 

  0x0000000005fbc9fc: ;   {other}
  0x0000000005fbc9fc: 0f1f 8400 | 6c02 0000 

  0x0000000005fbca04: ;   {metadata(method data for {method} {0x000000001746cdb0} 'executePrivileged' '(Ljava/security/PrivilegedExceptionAction;Ljava/security/AccessControlContext;Ljava/lang/Class;)Ljava/lang/Object;' in 'java/security/AccessController')}
  0x0000000005fbca04: 48ba b076 | 2e5a 0000 | 0000 ff82 | 4001 0000 | 488b 5424 | 2048 3b02 

  0x0000000005fbca1c: ;   {metadata(method data for {method} {0x000000001746cdb0} 'executePrivileged' '(Ljava/security/PrivilegedExceptionAction;Ljava/security/AccessControlContext;Ljava/lang/Class;)Ljava/lang/Object;' in 'java/security/AccessController')}
  0x0000000005fbca1c: 488b f248 | bfb0 762e | 5a00 0000 | 008b 7608 | 49ba 0000 | 0017 0000 | 0000 4903 | f248 3bb7 
  0x0000000005fbca3c: b001 0000 | 750d 4883 | 87b8 0100 | 0001 e960 | 0000 0048 | 3bb7 c001 | 0000 750d | 4883 87c8 
  0x0000000005fbca5c: 0100 0001 | e94a 0000 | 0048 83bf | b001 0000 | 0075 1748 | 89b7 b001 | 0000 48c7 | 87b8 0100 
  0x0000000005fbca7c: 0001 0000 | 00e9 2900 | 0000 4883 | bfc0 0100 | 0000 7517 | 4889 b7c0 | 0100 0048 | c787 c801 
  0x0000000005fbca9c: 0000 0100 | 0000 e908 | 0000 0048 | 8387 a001 | 0000 0166 | 0f1f 4400 | 0048 b8ff | ffff ffff 
  0x0000000005fbcabc: ;   {virtual_call}
  0x0000000005fbcabc: ffff ffe8 

  0x0000000005fbcac0: ; ImmutableOopMap {[40]=Oop [48]=Oop }
                      ;*invokeinterface run {reexecute=0 rethrow=0 return_oop=0}
                      ; - java.security.AccessController::executePrivileged@29
  0x0000000005fbcac0: dceb 3b07 

  0x0000000005fbcac4: ;   {other}
  0x0000000005fbcac4: 0f1f 8400 | 3403 0001 

  0x0000000005fbcacc: ;   {metadata(method data for {method} {0x000000001746cdb0} 'executePrivileged' '(Ljava/security/PrivilegedExceptionAction;Ljava/security/AccessControlContext;Ljava/lang/Class;)Ljava/lang/Object;' in 'java/security/AccessController')}
  0x0000000005fbcacc: 48be b076 | 2e5a 0000 | 0000 ff86 | d801 0000 | 4c8b 4c24 

  0x0000000005fbcae0: ;   {metadata(method data for {method} {0x000000001746cdb0} 'executePrivileged' '(Ljava/security/PrivilegedExceptionAction;Ljava/security/AccessControlContext;Ljava/lang/Class;)Ljava/lang/Object;' in 'java/security/AccessController')}
  0x0000000005fbcae0: 2848 beb0 | 762e 5a00 | 0000 0048 | 8386 3802 

  0x0000000005fbcaf0: ;   {metadata(method data for {method} {0x000000001703d050} 'reachabilityFence' '(Ljava/lang/Object;)V' in 'java/lang/ref/Reference')}
  0x0000000005fbcaf0: 0000 0148 | bee8 0a06 | 5a00 0000 | 008b becc | 0000 0083 | c702 89be | cc00 0000 | 81e7 feff 
  0x0000000005fbcb10: 1f00 85ff | 0f84 7200 

  0x0000000005fbcb18: ;   {metadata(method data for {method} {0x000000001746cdb0} 'executePrivileged' '(Ljava/security/PrivilegedExceptionAction;Ljava/security/AccessControlContext;Ljava/lang/Class;)Ljava/lang/Object;' in 'java/security/AccessController')}
  0x0000000005fbcb18: 0000 48be | b076 2e5a | 0000 0000 | 4883 8648 | 0200 0001 

  0x0000000005fbcb2c: ;   {metadata(method data for {method} {0x000000001703d050} 'reachabilityFence' '(Ljava/lang/Object;)V' in 'java/lang/ref/Reference')}
  0x0000000005fbcb2c: 48be e80a | 065a 0000 | 0000 8bbe | cc00 0000 | 83c7 0289 | becc 0000 | 0081 e7fe | ff1f 0085 
  0x0000000005fbcb4c: ff0f 845a | 0000 0048 | 83c4 405d 

  0x0000000005fbcb58: ;   {poll_return}
  0x0000000005fbcb58: 493b a748 | 0400 000f | 8766 0000 

  0x0000000005fbcb64: ;   {metadata({method} {0x000000001746cdb0} 'executePrivileged' '(Ljava/security/PrivilegedExceptionAction;Ljava/security/AccessControlContext;Ljava/lang/Class;)Ljava/lang/Object;' in 'java/security/AccessController')}
  0x0000000005fbcb64: 00c3 49ba | a8cd 4617 | 0000 0000 | 4c89 5424 | 0848 c704 | 24ff ffff 

  0x0000000005fbcb7c: ;   {runtime_call counter_overflow Runtime1 stub}
  0x0000000005fbcb7c: ffe8 fe5a 

  0x0000000005fbcb80: ; ImmutableOopMap {rdx=Oop r8=Oop r9=Oop [48]=Oop }
                      ;*synchronization entry
                      ; - java.security.AccessController::executePrivileged@-1
  0x0000000005fbcb80: 4707 e920 

  0x0000000005fbcb84: ;   {runtime_call throw_null_pointer_exception Runtime1 stub}
  0x0000000005fbcb84: feff ffe8 

  0x0000000005fbcb88: ; ImmutableOopMap {rdx=Oop [40]=Oop [48]=Oop }
                      ;*invokeinterface run {reexecute=0 rethrow=0 return_oop=0}
                      ; - java.security.AccessController::executePrivileged@29
  0x0000000005fbcb88: f409 4707 

  0x0000000005fbcb8c: ;   {metadata({method} {0x000000001703d050} 'reachabilityFence' '(Ljava/lang/Object;)V' in 'java/lang/ref/Reference')}
  0x0000000005fbcb8c: 49ba 48d0 | 0317 0000 | 0000 4c89 | 5424 0848 | c704 24ff 

  0x0000000005fbcba0: ;   {runtime_call counter_overflow Runtime1 stub}
  0x0000000005fbcba0: ffff ffe8 

  0x0000000005fbcba4: ; ImmutableOopMap {rax=Oop r9=Oop }
                      ;*synchronization entry
                      ; - java.lang.ref.Reference::reachabilityFence@-1
                      ; - java.security.AccessController::executePrivileged@56
  0x0000000005fbcba4: d85a 4707 | e96d ffff 

  0x0000000005fbcbac: ;   {metadata({method} {0x000000001703d050} 'reachabilityFence' '(Ljava/lang/Object;)V' in 'java/lang/ref/Reference')}
  0x0000000005fbcbac: ff49 ba48 | d003 1700 | 0000 004c | 8954 2408 | 48c7 0424 | ffff ffff 

  0x0000000005fbcbc4: ;   {runtime_call counter_overflow Runtime1 stub}
  0x0000000005fbcbc4: e8b7 5a47 

  0x0000000005fbcbc8: ; ImmutableOopMap {rax=Oop }
                      ;*synchronization entry
                      ; - java.lang.ref.Reference::reachabilityFence@-1
                      ; - java.security.AccessController::executePrivileged@60
                      ;   {internal_word}
  0x0000000005fbcbc8: 07eb 8849 | ba58 cbfb | 0500 0000 | 004d 8997 | 6004 0000 

  0x0000000005fbcbdc: ;   {runtime_call SafepointBlob}
  0x0000000005fbcbdc: e91f 7f3c | 0749 8b87 | f804 0000 | 49c7 87f8 | 0400 0000 | 0000 0049 | c787 0005 | 0000 0000 
  0x0000000005fbcbfc: 0000 4883 

  0x0000000005fbcc00: ;   {runtime_call unwind_exception Runtime1 stub}
  0x0000000005fbcc00: c440 5de9 | f829 3e07 
[Stub Code]
  0x0000000005fbcc08: ;   {no_reloc}
  0x0000000005fbcc08: 0f1f 4400 

  0x0000000005fbcc0c: ;   {static_stub}
  0x0000000005fbcc0c: 0048 bb00 | 0000 0000 

  0x0000000005fbcc14: ;   {runtime_call nmethod}
  0x0000000005fbcc14: 0000 00e9 | fbff ffff 

  0x0000000005fbcc1c: ;   {static_stub}
  0x0000000005fbcc1c: 48bb 28cc | 4617 0000 

  0x0000000005fbcc24: ;   {runtime_call I2C/C2I adapters}
  0x0000000005fbcc24: 0000 e9b8 

  0x0000000005fbcc28: ;   {runtime_call handle_exception_from_callee Runtime1 stub}
  0x0000000005fbcc28: 0f3c 07e8 | 5027 4707 

  0x0000000005fbcc30: ;   {external_word}
  0x0000000005fbcc30: 48b9 907f | 8502 fd7f | 0000 4883 

  0x0000000005fbcc3c: ;   {runtime_call}
  0x0000000005fbcc3c: e4f0 48b8 | f042 4802 | fd7f 0000 

  0x0000000005fbcc48: ;   {section_word}
  0x0000000005fbcc48: ffd0 f449 | ba4b ccfb | 0500 0000 

  0x0000000005fbcc54: ;   {runtime_call DeoptimizationBlob}
  0x0000000005fbcc54: 0041 52e9 | 4471 3c07 | f4f4 f4f4 
[/MachCode]


Compiled method (c1) 2783 1112   !   3       java.lang.ClassLoader::loadClass (121 bytes)
 total in heap  [0x0000000005fc1690,0x0000000005fc2c70] = 5600
 relocation     [0x0000000005fc17f0,0x0000000005fc1958] = 360
 main code      [0x0000000005fc1960,0x0000000005fc2548] = 3048
 stub code      [0x0000000005fc2548,0x0000000005fc2620] = 216
 oops           [0x0000000005fc2620,0x0000000005fc2630] = 16
 metadata       [0x0000000005fc2630,0x0000000005fc2698] = 104
 scopes data    [0x0000000005fc2698,0x0000000005fc28f8] = 608
 scopes pcs     [0x0000000005fc28f8,0x0000000005fc2ab8] = 448
 dependencies   [0x0000000005fc2ab8,0x0000000005fc2ad8] = 32
 handler table  [0x0000000005fc2ad8,0x0000000005fc2c58] = 384
 nul chk table  [0x0000000005fc2c58,0x0000000005fc2c70] = 24

[Constant Pool (empty)]

[MachCode]
[Entry Point]
  # {method} {0x0000000017014090} 'loadClass' '(Ljava/lang/String;Z)Ljava/lang/Class;' in 'java/lang/ClassLoader'
  # this:     rdx:rdx   = 'java/lang/ClassLoader'
  # parm0:    r8:r8     = 'java/lang/String'
  # parm1:    r9        = boolean
  #           [sp+0xd0]  (sp of caller)
  0x0000000005fc1960: 448b 5208 | 49bb 0000 | 0017 0000 | 0000 4d03 | d34c 3bd0 

  0x0000000005fc1974: ;   {runtime_call ic_miss_stub}
  0x0000000005fc1974: 0f85 06cb | 3b07 660f | 1f44 0000 
[Verified Entry Point]
  0x0000000005fc1980: 8984 2400 | 80ff ff55 | 4881 ecc0 | 0000 0090 | 4181 7f20 | 0100 0000 

  0x0000000005fc1998: ;   {runtime_call StubRoutines (final stubs)}
  0x0000000005fc1998: 7405 e841 | 703a 0748 | 8954 2450 | 4c89 4424 

  0x0000000005fc19a8: ;   {metadata(method data for {method} {0x0000000017014090} 'loadClass' '(Ljava/lang/String;Z)Ljava/lang/Class;' in 'java/lang/ClassLoader')}
  0x0000000005fc19a8: 5848 bed8 | 902e 5a00 | 0000 008b | becc 0000 | 0083 c702 | 89be cc00 | 0000 81e7 | fe07 0000 
  0x0000000005fc19c8: 85ff 0f84 | 7409 0000 | 4489 4c24 | 6048 8bf2 

  0x0000000005fc19d8: ;   {metadata(method data for {method} {0x0000000017014090} 'loadClass' '(Ljava/lang/String;Z)Ljava/lang/Class;' in 'java/lang/ClassLoader')}
  0x0000000005fc19d8: 48bf d890 | 2e5a 0000 | 0000 8b76 | 0849 ba00 | 0000 1700 | 0000 0049 | 03f2 483b | b720 0100 
  0x0000000005fc19f8: 0075 0d48 | 8387 2801 | 0000 01e9 | 6000 0000 | 483b b730 | 0100 0075 | 0d48 8387 | 3801 0000 
  0x0000000005fc1a18: 01e9 4a00 | 0000 4883 | bf20 0100 | 0000 7517 | 4889 b720 | 0100 0048 | c787 2801 | 0000 0100 
  0x0000000005fc1a38: 0000 e929 | 0000 0048 | 83bf 3001 | 0000 0075 | 1748 89b7 | 3001 0000 | 48c7 8738 | 0100 0001 
  0x0000000005fc1a58: 0000 00e9 | 0800 0000 | 4883 8710 | 0100 0001 | 498b f04c | 8bc6 488b | fa48 8bd7 

  0x0000000005fc1a74: ;   {optimized virtual_call}
  0x0000000005fc1a74: 6666 90e8 

  0x0000000005fc1a78: ; ImmutableOopMap {[80]=Oop [88]=Oop }
                      ;*invokevirtual getClassLoadingLock {reexecute=0 rethrow=0 return_oop=0}
                      ; - java.lang.ClassLoader::loadClass@2
  0x0000000005fc1a78: 0446 fbff 

  0x0000000005fc1a7c: ;   {other}
  0x0000000005fc1a7c: 0f1f 8400 | ec03 0000 | 4889 4424 | 6848 8d94 | 24a0 0000 | 0048 8bf0 | 4889 7208 

  0x0000000005fc1a98: ; implicit exception: dispatches to 0x0000000005fc2365
  0x0000000005fc1a98: 488b 0648 | 83c8 0148 | 8902 f048 | 0fb1 160f | 8412 0000 | 0048 2bc4 | 4825 07f0 | ffff 4889 
  0x0000000005fc1ab8: 020f 85ab | 0800 0049 | ff87 4805 | 0000 488b 

  0x0000000005fc1ac8: ;   {metadata(method data for {method} {0x0000000017014090} 'loadClass' '(Ljava/lang/String;Z)Ljava/lang/Class;' in 'java/lang/ClassLoader')}
  0x0000000005fc1ac8: 5424 5048 | bed8 902e | 5a00 0000 | 0048 8386 | 4801 0000 

  0x0000000005fc1adc: ;   {metadata(method data for {method} {0x0000000017431478} 'findLoadedClass' '(Ljava/lang/String;)Ljava/lang/Class;' in 'java/lang/ClassLoader')}
  0x0000000005fc1adc: 0148 baf8 | 8e23 5a00 | 0000 008b | b2cc 0000 | 0083 c602 | 89b2 cc00 | 0000 81e6 | feff 1f00 
  0x0000000005fc1afc: 85f6 0f84 | 7908 0000 

  0x0000000005fc1b04: ;   {metadata(method data for {method} {0x0000000017431478} 'findLoadedClass' '(Ljava/lang/String;)Ljava/lang/Class;' in 'java/lang/ClassLoader')}
  0x0000000005fc1b04: 48ba f88e | 235a 0000 | 0000 4883 | 8210 0100 | 0001 488b | 5424 580f 

  0x0000000005fc1b1c: ;   {static_call}
  0x0000000005fc1b1c: 1f40 00e8 

  0x0000000005fc1b20: ; ImmutableOopMap {[80]=Oop [88]=Oop [104]=Oop [168]=Oop }
                      ;*invokestatic checkName {reexecute=0 rethrow=0 return_oop=0}
                      ; - java.lang.ClassLoader::findLoadedClass@1
                      ; - java.lang.ClassLoader::loadClass@10
  0x0000000005fc1b20: 9c4c edff 

  0x0000000005fc1b24: ;   {other}
  0x0000000005fc1b24: 0f1f 8400 | 9404 0001 

  0x0000000005fc1b2c: ;   {metadata(method data for {method} {0x0000000017431478} 'findLoadedClass' '(Ljava/lang/String;)Ljava/lang/Class;' in 'java/lang/ClassLoader')}
  0x0000000005fc1b2c: 85c0 49b8 | f88e 235a | 0000 0000 | 48c7 c220 | 0100 0075 | 0748 c7c2 | 3001 0000 | 498b 3410 
  0x0000000005fc1b4c: 488d 7601 | 4989 3410 | 0f85 0f00 

  0x0000000005fc1b58: ;   {oop(nullptr)}
  0x0000000005fc1b58: 0000 48be | 0000 0000 | 0000 0000 | e936 0000 | 0048 8b54 

  0x0000000005fc1b6c: ;   {metadata(method data for {method} {0x0000000017431478} 'findLoadedClass' '(Ljava/lang/String;)Ljava/lang/Class;' in 'java/lang/ClassLoader')}
  0x0000000005fc1b6c: 2450 49b8 | f88e 235a | 0000 0000 | 4983 8040 | 0100 0001 | 4c8b 4424 | 5848 8b54 | 2450 0f1f 
  0x0000000005fc1b8c: ;   {optimized virtual_call}
  0x0000000005fc1b8c: 4400 00e8 

  0x0000000005fc1b90: ; ImmutableOopMap {[80]=Oop [88]=Oop [104]=Oop [168]=Oop }
                      ;*invokevirtual findLoadedClass0 {reexecute=0 rethrow=0 return_oop=0}
                      ; - java.lang.ClassLoader::findLoadedClass@11
                      ; - java.lang.ClassLoader::loadClass@10
  0x0000000005fc1b90: ac1f 9307 

  0x0000000005fc1b94: ;   {other}
  0x0000000005fc1b94: 0f1f 8400 | 0405 0002 | 488b f048 

  0x0000000005fc1ba0: ;   {metadata(method data for {method} {0x0000000017014090} 'loadClass' '(Ljava/lang/String;Z)Ljava/lang/Class;' in 'java/lang/ClassLoader')}
  0x0000000005fc1ba0: 85f6 48bf | d890 2e5a | 0000 0000 | 48c7 c380 | 0100 0075 | 0748 c7c3 | 9001 0000 | 488b 041f 
  0x0000000005fc1bc0: 488d 4001 | 4889 041f | 0f85 9605 | 0000 4889 

  0x0000000005fc1bd0: ;   {metadata(method data for {method} {0x0000000017014090} 'loadClass' '(Ljava/lang/String;Z)Ljava/lang/Class;' in 'java/lang/ClassLoader')}
  0x0000000005fc1bd0: 7424 7048 | bfd8 902e | 5a00 0000 | 0048 8387 | a001 0000 

  0x0000000005fc1be4: ;   {runtime_call}
  0x0000000005fc1be4: 0148 b8e0 | 8b52 02fd | 7f00 00ff 

  0x0000000005fc1bf0: ;   {other}
  0x0000000005fc1bf0: d00f 1f84 | 0000 0000 | 0048 8944 | 2478 488b | 5424 508b | 7218 4885 

  0x0000000005fc1c08: ;   {metadata(method data for {method} {0x0000000017014090} 'loadClass' '(Ljava/lang/String;Z)Ljava/lang/Class;' in 'java/lang/ClassLoader')}
  0x0000000005fc1c08: f649 b8d8 | 902e 5a00 | 0000 0049 | c7c1 b001 | 0000 7407 | 49c7 c1c0 | 0100 004b | 8b3c 0848 
  0x0000000005fc1c28: 8d7f 014b | 893c 080f | 84d4 0000 | 0048 3b06 

  0x0000000005fc1c38: ;   {metadata(method data for {method} {0x0000000017014090} 'loadClass' '(Ljava/lang/String;Z)Ljava/lang/Class;' in 'java/lang/ClassLoader')}
  0x0000000005fc1c38: 4c8b c649 | b9d8 902e | 5a00 0000 | 0045 8b40 | 0849 ba00 | 0000 1700 | 0000 004d | 03c2 4d3b 
  0x0000000005fc1c58: 81e0 0100 | 0075 0d49 | 8381 e801 | 0000 01e9 | 6000 0000 | 4d3b 81f0 | 0100 0075 | 0d49 8381 
  0x0000000005fc1c78: f801 0000 | 01e9 4a00 | 0000 4983 | b9e0 0100 | 0000 7517 | 4d89 81e0 | 0100 0049 | c781 e801 
  0x0000000005fc1c98: 0000 0100 | 0000 e929 | 0000 0049 | 83b9 f001 | 0000 0075 | 174d 8981 | f001 0000 | 49c7 81f8 
  0x0000000005fc1cb8: 0100 0001 | 0000 00e9 | 0800 0000 | 4983 81d0 | 0100 0001 | 4c8b 4424 | 5841 b900 | 0000 0048 
  0x0000000005fc1cd8: 8bd6 6666 | 9048 b888 | a206 1700 

  0x0000000005fc1ce4: ;   {virtual_call}
  0x0000000005fc1ce4: 0000 00e8 

  0x0000000005fc1ce8: ; ImmutableOopMap {[80]=Oop [88]=Oop [104]=Oop [112]=Oop [168]=Oop }
                      ;*invokevirtual loadClass {reexecute=0 rethrow=0 return_oop=0}
                      ; - java.lang.ClassLoader::loadClass@38
  0x0000000005fc1ce8: f473 fdff 

  0x0000000005fc1cec: ;   {other}
  0x0000000005fc1cec: 0f1f 8400 | 5c06 0003 

  0x0000000005fc1cf4: ;   {metadata(method data for {method} {0x0000000017014090} 'loadClass' '(Ljava/lang/String;Z)Ljava/lang/Class;' in 'java/lang/ClassLoader')}
  0x0000000005fc1cf4: 48ba d890 | 2e5a 0000 | 0000 ff82 | 0802 0000 | e9d1 0000 

  0x0000000005fc1d08: ;   {metadata(method data for {method} {0x0000000017014090} 'loadClass' '(Ljava/lang/String;Z)Ljava/lang/Class;' in 'java/lang/ClassLoader')}
  0x0000000005fc1d08: 0048 bad8 | 902e 5a00 | 0000 0048 | 8382 2002 

  0x0000000005fc1d18: ;   {metadata(method data for {method} {0x0000000017431420} 'findBootstrapClassOrNull' '(Ljava/lang/String;)Ljava/lang/Class;' in 'java/lang/ClassLoader')}
  0x0000000005fc1d18: 0000 0148 | ba68 822d | 5a00 0000 | 008b b2cc | 0000 0083 | c602 89b2 | cc00 0000 | 81e6 feff 
  0x0000000005fc1d38: 1f00 85f6 | 0f84 6106 

  0x0000000005fc1d40: ;   {metadata(method data for {method} {0x0000000017431420} 'findBootstrapClassOrNull' '(Ljava/lang/String;)Ljava/lang/Class;' in 'java/lang/ClassLoader')}
  0x0000000005fc1d40: 0000 48ba | 6882 2d5a | 0000 0000 | 4883 8210 | 0100 0001 | 488b 5424 | 5866 0f1f 

  0x0000000005fc1d5c: ;   {static_call}
  0x0000000005fc1d5c: 4400 00e8 

  0x0000000005fc1d60: ; ImmutableOopMap {[80]=Oop [88]=Oop [104]=Oop [112]=Oop [168]=Oop }
                      ;*invokestatic checkName {reexecute=0 rethrow=0 return_oop=0}
                      ; - java.lang.ClassLoader::findBootstrapClassOrNull@1
                      ; - java.lang.ClassLoader::loadClass@47
  0x0000000005fc1d60: 1cd0 3b07 

  0x0000000005fc1d64: ;   {other}
  0x0000000005fc1d64: 0f1f 8400 | d406 0004 

  0x0000000005fc1d6c: ;   {metadata(method data for {method} {0x0000000017431420} 'findBootstrapClassOrNull' '(Ljava/lang/String;)Ljava/lang/Class;' in 'java/lang/ClassLoader')}
  0x0000000005fc1d6c: 85c0 48ba | 6882 2d5a | 0000 0000 | 48c7 c620 | 0100 0075 | 0748 c7c6 | 3001 0000 | 488b 3c32 
  0x0000000005fc1d8c: 488d 7f01 | 4889 3c32 | 0f85 0f00 

  0x0000000005fc1d98: ;   {oop(nullptr)}
  0x0000000005fc1d98: 0000 48be | 0000 0000 | 0000 0000 | e92e 0000 

  0x0000000005fc1da8: ;   {metadata(method data for {method} {0x0000000017431420} 'findBootstrapClassOrNull' '(Ljava/lang/String;)Ljava/lang/Class;' in 'java/lang/ClassLoader')}
  0x0000000005fc1da8: 0048 ba68 | 822d 5a00 | 0000 0048 | 8382 4001 | 0000 0148 | 8b54 2458 | 0f1f 8000 

  0x0000000005fc1dc4: ;   {static_call}
  0x0000000005fc1dc4: 0000 00e8 

  0x0000000005fc1dc8: ; ImmutableOopMap {[80]=Oop [88]=Oop [104]=Oop [112]=Oop [168]=Oop }
                      ;*invokestatic findBootstrapClass {reexecute=0 rethrow=0 return_oop=0}
                      ; - java.lang.ClassLoader::findBootstrapClassOrNull@10
                      ; - java.lang.ClassLoader::loadClass@47
  0x0000000005fc1dc8: b4cf 3b07 

  0x0000000005fc1dcc: ;   {other}
  0x0000000005fc1dcc: 0f1f 8400 | 3c07 0005 | 488b f048 

  0x0000000005fc1dd8: ;   {metadata(method data for {method} {0x0000000017014090} 'loadClass' '(Ljava/lang/String;Z)Ljava/lang/Class;' in 'java/lang/ClassLoader')}
  0x0000000005fc1dd8: 8bc6 48be | d890 2e5a | 0000 0000 | ff86 3002 | 0000 e91e | 0000 0049 | 8b87 f804 | 0000 4d33 
  0x0000000005fc1df8: d24d 8997 | f804 0000 | 4d33 d24d | 8997 0005 | 0000 488b | c648 85c0 

  0x0000000005fc1e10: ;   {metadata(method data for {method} {0x0000000017014090} 'loadClass' '(Ljava/lang/String;Z)Ljava/lang/Class;' in 'java/lang/ClassLoader')}
  0x0000000005fc1e10: 48be d890 | 2e5a 0000 | 0000 48c7 | c758 0200 | 0074 0748 | c7c7 4802 | 0000 488b | 1c3e 488d 
  0x0000000005fc1e30: 5b01 4889 | 1c3e 0f84 | 0800 0000 | 488b f0e9 | 2003 0000 

  0x0000000005fc1e44: ;   {metadata(method data for {method} {0x0000000017014090} 'loadClass' '(Ljava/lang/String;Z)Ljava/lang/Class;' in 'java/lang/ClassLoader')}
  0x0000000005fc1e44: 48be d890 | 2e5a 0000 | 0000 4883 | 8668 0200 

  0x0000000005fc1e54: ;   {runtime_call}
  0x0000000005fc1e54: 0001 48b8 | e08b 5202 | fd7f 0000 

  0x0000000005fc1e60: ;   {other}
  0x0000000005fc1e60: ffd0 0f1f | 8400 0000 | 0000 488b 

  0x0000000005fc1e6c: ;   {metadata(method data for {method} {0x0000000017014090} 'loadClass' '(Ljava/lang/String;Z)Ljava/lang/Class;' in 'java/lang/ClassLoader')}
  0x0000000005fc1e6c: 5424 5049 | b8d8 902e | 5a00 0000 | 008b 5208 | 49ba 0000 | 0017 0000 | 0000 4903 | d249 3b90 
  0x0000000005fc1e8c: 8802 0000 | 750d 4983 | 8090 0200 | 0001 e960 | 0000 0049 | 3b90 9802 | 0000 750d | 4983 80a0 
  0x0000000005fc1eac: 0200 0001 | e94a 0000 | 0049 83b8 | 8802 0000 | 0075 1749 | 8990 8802 | 0000 49c7 | 8090 0200 
  0x0000000005fc1ecc: 0001 0000 | 00e9 2900 | 0000 4983 | b898 0200 | 0000 7517 | 4989 9098 | 0200 0049 | c780 a002 
  0x0000000005fc1eec: 0000 0100 | 0000 e908 | 0000 0049 | 8380 7802 | 0000 014c | 8b44 2458 | 488b 5424 | 5048 8984 
  0x0000000005fc1f0c: 2480 0000 | 000f 1f40 | 0048 b8ff | ffff ffff 

  0x0000000005fc1f1c: ;   {virtual_call}
  0x0000000005fc1f1c: ffff ffe8 

  0x0000000005fc1f20: ; ImmutableOopMap {[80]=Oop [104]=Oop [168]=Oop }
                      ;*invokevirtual findClass {reexecute=0 rethrow=0 return_oop=0}
                      ; - java.lang.ClassLoader::loadClass@69
  0x0000000005fc1f20: bc96 3b07 

  0x0000000005fc1f24: ;   {other}
  0x0000000005fc1f24: 0f1f 8400 | 9408 0006 

  0x0000000005fc1f2c: ;   {metadata(method data for {method} {0x0000000017014090} 'loadClass' '(Ljava/lang/String;Z)Ljava/lang/Class;' in 'java/lang/ClassLoader')}
  0x0000000005fc1f2c: 49b8 d890 | 2e5a 0000 | 0000 4983 | 80b0 0200 

  0x0000000005fc1f3c: ;   {metadata(method data for {method} {0x00000000171068a0} 'getParentDelegationTime' '()Ljdk/internal/perf/PerfCounter;' in 'jdk/internal/perf/PerfCounter')}
  0x0000000005fc1f3c: 0001 49b8 | 0895 2e5a | 0000 0000 | 418b 90cc | 0000 0083 | c202 4189 | 90cc 0000 | 0081 e2fe 
  0x0000000005fc1f5c: ff1f 0085 | d20f 845d 

  0x0000000005fc1f64: ;   {oop(a 'jdk/internal/perf/PerfCounter'{0x00000000ec52fbe8})}
  0x0000000005fc1f64: 0400 0048 | bae8 fb52 | ec00 0000 | 004c 8bc2 

  0x0000000005fc1f74: ;   {metadata(method data for {method} {0x0000000017014090} 'loadClass' '(Ljava/lang/String;Z)Ljava/lang/Class;' in 'java/lang/ClassLoader')}
  0x0000000005fc1f74: 48be d890 | 2e5a 0000 

  0x0000000005fc1f7c: ;   {metadata('jdk/internal/perf/PerfCounter')}
  0x0000000005fc1f7c: 0000 49ba | d05e 1017 | 0000 0000 | 4c89 96d0 | 0200 0048 | 8386 d802 | 0000 014c | 8b84 2480 
  0x0000000005fc1f9c: 0000 0048 | 8b74 2478 

  0x0000000005fc1fa4: ;   {metadata(method data for {method} {0x0000000017106690} 'addTime' '(J)V' in 'jdk/internal/perf/PerfCounter')}
  0x0000000005fc1fa4: 4c2b c648 | be30 962e | 5a00 0000 | 008b becc | 0000 0083 | c702 89be | cc00 0000 | 81e7 feff 
  0x0000000005fc1fc4: 1f00 85ff | 0f84 1704 | 0000 488b 

  0x0000000005fc1fd0: ;   {metadata(method data for {method} {0x0000000017106690} 'addTime' '(J)V' in 'jdk/internal/perf/PerfCounter')}
  0x0000000005fc1fd0: f248 bf30 | 962e 5a00 

  0x0000000005fc1fd8: ;   {metadata('jdk/internal/perf/PerfCounter')}
  0x0000000005fc1fd8: 0000 0049 | bad0 5e10 | 1700 0000 | 004c 8997 | 2001 0000 | 4883 8728 | 0100 0001 | 4889 8424 
  0x0000000005fc1ff8: 8800 0000 

  0x0000000005fc1ffc: ;   {optimized virtual_call}
  0x0000000005fc1ffc: 6666 90e8 

  0x0000000005fc2000: ; ImmutableOopMap {[80]=Oop [104]=Oop [136]=Oop [168]=Oop }
                      ;*invokevirtual add {reexecute=0 rethrow=0 return_oop=0}
                      ; - jdk.internal.perf.PerfCounter::addTime@2
                      ; - java.lang.ClassLoader::loadClass@82
  0x0000000005fc2000: 7cab fdff 

  0x0000000005fc2004: ;   {other}
  0x0000000005fc2004: 0f1f 8400 | 7409 0007 

  0x0000000005fc200c: ;   {metadata(method data for {method} {0x0000000017014090} 'loadClass' '(Ljava/lang/String;Z)Ljava/lang/Class;' in 'java/lang/ClassLoader')}
  0x0000000005fc200c: 49b8 d890 | 2e5a 0000 | 0000 4983 | 80f8 0200 

  0x0000000005fc201c: ;   {metadata(method data for {method} {0x00000000171068f8} 'getFindClassTime' '()Ljdk/internal/perf/PerfCounter;' in 'jdk/internal/perf/PerfCounter')}
  0x0000000005fc201c: 0001 49b8 | c897 2e5a | 0000 0000 | 418b 90cc | 0000 0083 | c202 4189 | 90cc 0000 | 0081 e2fe 
  0x0000000005fc203c: ff1f 0085 | d20f 84bf 

  0x0000000005fc2044: ;   {oop(a 'jdk/internal/perf/PerfCounter'{0x00000000ec52fac8})}
  0x0000000005fc2044: 0300 0048 | bac8 fa52 | ec00 0000 | 004c 8bc2 

  0x0000000005fc2054: ;   {metadata(method data for {method} {0x0000000017014090} 'loadClass' '(Ljava/lang/String;Z)Ljava/lang/Class;' in 'java/lang/ClassLoader')}
  0x0000000005fc2054: 48be d890 | 2e5a 0000 

  0x0000000005fc205c: ;   {metadata('jdk/internal/perf/PerfCounter')}
  0x0000000005fc205c: 0000 49ba | d05e 1017 | 0000 0000 | 4c89 9618 | 0300 0048 | 8386 2003 | 0000 014c | 8b84 2480 
  0x0000000005fc207c: ;   {optimized virtual_call}
  0x0000000005fc207c: 0000 00e8 

  0x0000000005fc2080: ; ImmutableOopMap {[80]=Oop [104]=Oop [136]=Oop [168]=Oop }
                      ;*invokevirtual addElapsedTimeFrom {reexecute=0 rethrow=0 return_oop=0}
                      ; - java.lang.ClassLoader::loadClass@90
  0x0000000005fc2080: 0905 0000 

  0x0000000005fc2084: ;   {other}
  0x0000000005fc2084: 0f1f 8400 | f409 0008 

  0x0000000005fc208c: ;   {metadata(method data for {method} {0x0000000017014090} 'loadClass' '(Ljava/lang/String;Z)Ljava/lang/Class;' in 'java/lang/ClassLoader')}
  0x0000000005fc208c: 49b8 d890 | 2e5a 0000 | 0000 4983 | 8040 0300 

  0x0000000005fc209c: ;   {metadata(method data for {method} {0x0000000017106950} 'getFindClasses' '()Ljdk/internal/perf/PerfCounter;' in 'jdk/internal/perf/PerfCounter')}
  0x0000000005fc209c: 0001 49b8 | 989a 2e5a | 0000 0000 | 418b 90cc | 0000 0083 | c202 4189 | 90cc 0000 | 0081 e2fe 
  0x0000000005fc20bc: ff1f 0085 | d20f 8460 

  0x0000000005fc20c4: ;   {oop(a 'jdk/internal/perf/PerfCounter'{0x00000000ec52fb58})}
  0x0000000005fc20c4: 0300 0048 | ba58 fb52 | ec00 0000 | 004c 8bc2 

  0x0000000005fc20d4: ;   {metadata(method data for {method} {0x0000000017014090} 'loadClass' '(Ljava/lang/String;Z)Ljava/lang/Class;' in 'java/lang/ClassLoader')}
  0x0000000005fc20d4: 48be d890 | 2e5a 0000 

  0x0000000005fc20dc: ;   {metadata('jdk/internal/perf/PerfCounter')}
  0x0000000005fc20dc: 0000 49ba | d05e 1017 | 0000 0000 | 4c89 9660 | 0300 0048 | 8386 6803 

  0x0000000005fc20f4: ;   {metadata(method data for {method} {0x0000000017106740} 'increment' '()V' in 'jdk/internal/perf/PerfCounter')}
  0x0000000005fc20f4: 0000 0149 | b8c0 9b2e | 5a00 0000 | 0041 8bb0 | cc00 0000 | 83c6 0241 | 89b0 cc00 | 0000 81e6 
  0x0000000005fc2114: feff 1f00 | 85f6 0f84 | 2803 0000 

  0x0000000005fc2120: ;   {metadata(method data for {method} {0x0000000017106740} 'increment' '()V' in 'jdk/internal/perf/PerfCounter')}
  0x0000000005fc2120: 4c8b c248 | bec0 9b2e | 5a00 0000 

  0x0000000005fc212c: ;   {metadata('jdk/internal/perf/PerfCounter')}
  0x0000000005fc212c: 0049 bad0 | 5e10 1700 | 0000 004c | 8996 2001 | 0000 4883 | 8628 0100 | 0001 49c7 | c001 0000 
  0x0000000005fc214c: ;   {optimized virtual_call}
  0x0000000005fc214c: 0066 90e8 

  0x0000000005fc2150: ; ImmutableOopMap {[80]=Oop [104]=Oop [136]=Oop [168]=Oop }
                      ;*invokevirtual add {reexecute=0 rethrow=0 return_oop=0}
                      ; - jdk.internal.perf.PerfCounter::increment@2
                      ; - java.lang.ClassLoader::loadClass@96
  0x0000000005fc2150: 2caa fdff 

  0x0000000005fc2154: ;   {other}
  0x0000000005fc2154: 0f1f 8400 | c40a 0009 | 488b b424 | 8800 0000 | 448b 4c24 | 6045 85c9 

  0x0000000005fc216c: ;   {metadata(method data for {method} {0x0000000017014090} 'loadClass' '(Ljava/lang/String;Z)Ljava/lang/Class;' in 'java/lang/ClassLoader')}
  0x0000000005fc216c: 48b8 d890 | 2e5a 0000 | 0000 48c7 | c288 0300 | 0074 0748 | c7c2 9803 | 0000 488b | 3c10 488d 
  0x0000000005fc218c: 7f01 4889 | 3c10 0f84 | 6d00 0000 | 488b 5424 

  0x0000000005fc219c: ;   {metadata(method data for {method} {0x0000000017014090} 'loadClass' '(Ljava/lang/String;Z)Ljava/lang/Class;' in 'java/lang/ClassLoader')}
  0x0000000005fc219c: 5048 b8d8 | 902e 5a00 | 0000 0048 | 8380 a803 

  0x0000000005fc21ac: ;   {metadata(method data for {method} {0x00000000174313c8} 'resolveClass' '(Ljava/lang/Class;)V' in 'java/lang/ClassLoader')}
  0x0000000005fc21ac: 0000 0148 | b880 132d | 5a00 0000 | 008b 90cc | 0000 0083 | c202 8990 | cc00 0000 | 81e2 feff 
  0x0000000005fc21cc: 1f00 85d2 | 0f84 9302 | 0000 4885 

  0x0000000005fc21d8: ;   {metadata(method data for {method} {0x00000000174313c8} 'resolveClass' '(Ljava/lang/Class;)V' in 'java/lang/ClassLoader')}
  0x0000000005fc21d8: f648 b880 | 132d 5a00 | 0000 0048 | c7c2 2001 | 0000 7407 | 48c7 c210 | 0100 0048 | 8b3c 1048 
  0x0000000005fc21f8: 8d7f 0148 | 893c 100f | 8443 0000 | 0048 8d84 | 24a0 0000 | 0048 8b10 | 4885 d20f | 840f 0000 
  0x0000000005fc2218: 0048 8b78 | 08f0 480f | b117 0f85 | 6202 0000 | 49ff 8f48 | 0500 0048 | 8bc6 4881 | c4c0 0000 
  0x0000000005fc2238: ;   {poll_return}
  0x0000000005fc2238: 005d 493b | a748 0400 | 000f 8759 | 0200 00c3 | 4889 b424 | 9800 0000 

  0x0000000005fc2250: ;   {no_reloc}
  0x0000000005fc2250: e970 0200 | 0000 0000 | 0000 498b | 87b8 0100 | 0048 8d78 | 3049 3bbf | c801 0000 | 0f87 5d02 
  0x0000000005fc2270: 0000 4989 | bfb8 0100 | 0048 c700 | 0100 0000 | 488b ca49 | ba00 0000 | 1700 0000 | 0049 2bca 
  0x0000000005fc2290: 8948 0848 | 33c9 8948 | 0c48 33c9 | 4889 4810 | 4889 4818 | 4889 4820 | 4889 4828 

  0x0000000005fc22ac: ;   {metadata(method data for {method} {0x00000000174313c8} 'resolveClass' '(Ljava/lang/Class;)V' in 'java/lang/ClassLoader')}
  0x0000000005fc22ac: 488b d048 | be80 132d | 5a00 0000 | 0048 8386 | 3001 0000 | 0148 8bd0 | 4889 8424 | 9000 0000 
  0x0000000005fc22cc: ;   {optimized virtual_call}
  0x0000000005fc22cc: 6666 90e8 

  0x0000000005fc22d0: ; ImmutableOopMap {[104]=Oop [144]=Oop [152]=Oop [168]=Oop }
                      ;*invokespecial <init> {reexecute=0 rethrow=0 return_oop=0}
                      ; - java.lang.ClassLoader::resolveClass@8
                      ; - java.lang.ClassLoader::loadClass@106
  0x0000000005fc22d0: acc4 3b07 

  0x0000000005fc22d4: ;   {other}
  0x0000000005fc22d4: 0f1f 8400 | 440c 000a | 488b 8424 

  0x0000000005fc22e0: ; ImmutableOopMap {rax=Oop [104]=Oop [152]=Oop [168]=Oop }
                      ;*athrow {reexecute=1 rethrow=0 return_oop=0}
                      ; - (reexecute) java.lang.ClassLoader::resolveClass@11
                      ; - java.lang.ClassLoader::loadClass@106
  0x0000000005fc22e0: 9000 0000 

  0x0000000005fc22e4: ;   {section_word}
  0x0000000005fc22e4: 48ba e422 | fc05 0000 

  0x0000000005fc22ec: ;   {runtime_call handle_exception_nofpu Runtime1 stub}
  0x0000000005fc22ec: 0000 e88d | ca46 0790 | 498b 87f8 | 0400 004d | 33d2 4d89 | 97f8 0400 | 004d 33d2 | 4d89 9700 
  0x0000000005fc230c: 0500 0048 | 8bf0 488d | 8424 a000 | 0000 488b | 3848 85ff | 0f84 0f00 | 0000 488b | 5808 f048 
  0x0000000005fc232c: 0fb1 3b0f | 85a7 0100 | 0049 ff8f | 4805 0000 | 488b c6e9 | f301 0000 

  0x0000000005fc2344: ;   {metadata({method} {0x0000000017014090} 'loadClass' '(Ljava/lang/String;Z)Ljava/lang/Class;' in 'java/lang/ClassLoader')}
  0x0000000005fc2344: 49ba 8840 | 0117 0000 | 0000 4c89 | 5424 0848 | c704 24ff 

  0x0000000005fc2358: ;   {runtime_call counter_overflow Runtime1 stub}
  0x0000000005fc2358: ffff ffe8 

  0x0000000005fc235c: ; ImmutableOopMap {rdx=Oop r8=Oop [80]=Oop [88]=Oop }
                      ;*synchronization entry
                      ; - java.lang.ClassLoader::loadClass@-1
  0x0000000005fc235c: 2003 4707 | e96b f6ff 

  0x0000000005fc2364: ;   {runtime_call throw_null_pointer_exception Runtime1 stub}
  0x0000000005fc2364: ffe8 16b2 

  0x0000000005fc2368: ; ImmutableOopMap {rsi=Oop [80]=Oop [88]=Oop [104]=Oop }
                      ;*monitorenter {reexecute=0 rethrow=0 return_oop=0}
                      ; - java.lang.ClassLoader::loadClass@7
  0x0000000005fc2368: 4607 4889 | 7424 0848 

  0x0000000005fc2370: ;   {runtime_call monitorenter_nofpu Runtime1 stub}
  0x0000000005fc2370: 8914 24e8 

  0x0000000005fc2374: ; ImmutableOopMap {rsi=Oop [80]=Oop [88]=Oop [104]=Oop [168]=Oop }
                      ;*monitorenter {reexecute=0 rethrow=0 return_oop=0}
                      ; - java.lang.ClassLoader::loadClass@7
  0x0000000005fc2374: 08e2 4607 | e949 f7ff 

  0x0000000005fc237c: ;   {metadata({method} {0x0000000017431478} 'findLoadedClass' '(Ljava/lang/String;)Ljava/lang/Class;' in 'java/lang/ClassLoader')}
  0x0000000005fc237c: ff49 ba70 | 1443 1700 | 0000 004c | 8954 2408 | 48c7 0424 | ffff ffff 

  0x0000000005fc2394: ;   {runtime_call counter_overflow Runtime1 stub}
  0x0000000005fc2394: e8e7 0247 

  0x0000000005fc2398: ; ImmutableOopMap {[80]=Oop [88]=Oop [104]=Oop [168]=Oop }
                      ;*synchronization entry
                      ; - java.lang.ClassLoader::findLoadedClass@-1
                      ; - java.lang.ClassLoader::loadClass@10
  0x0000000005fc2398: 07e9 66f7 

  0x0000000005fc239c: ;   {runtime_call throw_null_pointer_exception Runtime1 stub}
  0x0000000005fc239c: ffff e8dd 

  0x0000000005fc23a0: ; ImmutableOopMap {rsi=Oop [80]=Oop [88]=Oop [104]=Oop [112]=Oop [168]=Oop }
                      ;*invokevirtual loadClass {reexecute=0 rethrow=0 return_oop=0}
                      ; - java.lang.ClassLoader::loadClass@38
                      ;   {metadata({method} {0x0000000017431420} 'findBootstrapClassOrNull' '(Ljava/lang/String;)Ljava/lang/Class;' in 'java/lang/ClassLoader')}
  0x0000000005fc23a0: b146 0749 | ba18 1443 | 1700 0000 | 004c 8954 | 2408 48c7 | 0424 ffff 

  0x0000000005fc23b8: ;   {runtime_call counter_overflow Runtime1 stub}
  0x0000000005fc23b8: ffff e8c1 

  0x0000000005fc23bc: ; ImmutableOopMap {[80]=Oop [88]=Oop [104]=Oop [112]=Oop [168]=Oop }
                      ;*synchronization entry
                      ; - java.lang.ClassLoader::findBootstrapClassOrNull@-1
                      ; - java.lang.ClassLoader::loadClass@47
  0x0000000005fc23bc: 0247 07e9 | 7ef9 ffff 

  0x0000000005fc23c4: ;   {metadata({method} {0x00000000171068a0} 'getParentDelegationTime' '()Ljdk/internal/perf/PerfCounter;' in 'jdk/internal/perf/PerfCounter')}
  0x0000000005fc23c4: 49ba 9868 | 1017 0000 | 0000 4c89 | 5424 0848 | c704 24ff 

  0x0000000005fc23d8: ;   {runtime_call counter_overflow Runtime1 stub}
  0x0000000005fc23d8: ffff ffe8 

  0x0000000005fc23dc: ; ImmutableOopMap {rax=Oop [80]=Oop [104]=Oop [168]=Oop }
                      ;*synchronization entry
                      ; - jdk.internal.perf.PerfCounter::getParentDelegationTime@-1
                      ; - java.lang.ClassLoader::loadClass@74
  0x0000000005fc23dc: a002 4707 | e982 fbff 

  0x0000000005fc23e4: ;   {metadata({method} {0x0000000017106690} 'addTime' '(J)V' in 'jdk/internal/perf/PerfCounter')}
  0x0000000005fc23e4: ff49 ba88 | 6610 1700 | 0000 004c | 8954 2408 | 48c7 0424 | ffff ffff 

  0x0000000005fc23fc: ;   {runtime_call counter_overflow Runtime1 stub}
  0x0000000005fc23fc: e87f 0247 

  0x0000000005fc2400: ; ImmutableOopMap {rax=Oop rdx=Oop [80]=Oop [104]=Oop [168]=Oop }
                      ;*synchronization entry
                      ; - jdk.internal.perf.PerfCounter::addTime@-1
                      ; - java.lang.ClassLoader::loadClass@82
  0x0000000005fc2400: 07e9 c8fb 

  0x0000000005fc2404: ;   {metadata({method} {0x00000000171068f8} 'getFindClassTime' '()Ljdk/internal/perf/PerfCounter;' in 'jdk/internal/perf/PerfCounter')}
  0x0000000005fc2404: ffff 49ba | f068 1017 | 0000 0000 | 4c89 5424 | 0848 c704 | 24ff ffff 

  0x0000000005fc241c: ;   {runtime_call counter_overflow Runtime1 stub}
  0x0000000005fc241c: ffe8 5e02 

  0x0000000005fc2420: ; ImmutableOopMap {[80]=Oop [104]=Oop [136]=Oop [168]=Oop }
                      ;*synchronization entry
                      ; - jdk.internal.perf.PerfCounter::getFindClassTime@-1
                      ; - java.lang.ClassLoader::loadClass@85
  0x0000000005fc2420: 4707 e920 

  0x0000000005fc2424: ;   {metadata({method} {0x0000000017106950} 'getFindClasses' '()Ljdk/internal/perf/PerfCounter;' in 'jdk/internal/perf/PerfCounter')}
  0x0000000005fc2424: fcff ff49 | ba48 6910 | 1700 0000 | 004c 8954 | 2408 48c7 | 0424 ffff 

  0x0000000005fc243c: ;   {runtime_call counter_overflow Runtime1 stub}
  0x0000000005fc243c: ffff e83d 

  0x0000000005fc2440: ; ImmutableOopMap {[80]=Oop [104]=Oop [136]=Oop [168]=Oop }
                      ;*synchronization entry
                      ; - jdk.internal.perf.PerfCounter::getFindClasses@-1
                      ; - java.lang.ClassLoader::loadClass@93
  0x0000000005fc2440: 0247 07e9 | 7ffc ffff 

  0x0000000005fc2448: ;   {metadata({method} {0x0000000017106740} 'increment' '()V' in 'jdk/internal/perf/PerfCounter')}
  0x0000000005fc2448: 49ba 3867 | 1017 0000 | 0000 4c89 | 5424 0848 | c704 24ff 

  0x0000000005fc245c: ;   {runtime_call counter_overflow Runtime1 stub}
  0x0000000005fc245c: ffff ffe8 

  0x0000000005fc2460: ; ImmutableOopMap {rdx=Oop [80]=Oop [104]=Oop [136]=Oop [168]=Oop }
                      ;*synchronization entry
                      ; - jdk.internal.perf.PerfCounter::increment@-1
                      ; - java.lang.ClassLoader::loadClass@96
  0x0000000005fc2460: 1c02 4707 | e9b7 fcff 

  0x0000000005fc2468: ;   {metadata({method} {0x00000000174313c8} 'resolveClass' '(Ljava/lang/Class;)V' in 'java/lang/ClassLoader')}
  0x0000000005fc2468: ff49 bac0 | 1343 1700 | 0000 004c | 8954 2408 | 48c7 0424 | ffff ffff 

  0x0000000005fc2480: ;   {runtime_call counter_overflow Runtime1 stub}
  0x0000000005fc2480: e8fb 0147 

  0x0000000005fc2484: ; ImmutableOopMap {rsi=Oop [104]=Oop [168]=Oop }
                      ;*synchronization entry
                      ; - java.lang.ClassLoader::resolveClass@-1
                      ; - java.lang.ClassLoader::loadClass@106
  0x0000000005fc2484: 07e9 4cfd | ffff 488d | 8424 a000 | 0000 4889 

  0x0000000005fc2494: ;   {runtime_call monitorexit_nofpu Runtime1 stub}
  0x0000000005fc2494: 0424 e8e5 | e646 07e9 | 8ffd ffff 

  0x0000000005fc24a0: ;   {internal_word}
  0x0000000005fc24a0: 49ba 3a22 | fc05 0000 | 0000 4d89 | 9760 0400 

  0x0000000005fc24b0: ;   {runtime_call SafepointBlob}
  0x0000000005fc24b0: 00e9 4a26 

  0x0000000005fc24b4: ;   {metadata(nullptr)}
  0x0000000005fc24b4: 3c07 48ba | 0000 0000 | 0000 0000 | b800 0f05 

  0x0000000005fc24c4: ;   {runtime_call load_klass_patching Runtime1 stub}
  0x0000000005fc24c4: 0ae8 36f1 

  0x0000000005fc24c8: ; ImmutableOopMap {[104]=Oop [152]=Oop [168]=Oop }
                      ;*new {reexecute=1 rethrow=0 return_oop=0}
                      ; - (reexecute) java.lang.ClassLoader::resolveClass@4
                      ; - java.lang.ClassLoader::loadClass@106
  0x0000000005fc24c8: 4607 e981 | fdff ff48 

  0x0000000005fc24d0: ;   {runtime_call fast_new_instance Runtime1 stub}
  0x0000000005fc24d0: 8bd2 e8a9 

  0x0000000005fc24d4: ; ImmutableOopMap {[104]=Oop [152]=Oop [168]=Oop }
                      ;*new {reexecute=0 rethrow=0 return_oop=0}
                      ; - java.lang.ClassLoader::resolveClass@4
                      ; - java.lang.ClassLoader::loadClass@106
  0x0000000005fc24d4: b946 07e9 | d0fd ffff | 488d 8424 | a000 0000 | 4889 0424 

  0x0000000005fc24e8: ;   {runtime_call monitorexit_nofpu Runtime1 stub}
  0x0000000005fc24e8: e893 e646 | 07e9 4afe | ffff 488b | 7424 70e9 | f3f8 ffff | 488b 7424 | 70e9 e9f8 | ffff 488b 
  0x0000000005fc2508: 7424 70e9 | dff8 ffff | 488b 7424 | 70e9 d5f8 | ffff 498b | 87f8 0400 | 0049 c787 | f804 0000 
  0x0000000005fc2528: 0000 0000 | 49c7 8700 | 0500 0000 | 0000 0048 | 81c4 c000 

  0x0000000005fc253c: ;   {runtime_call unwind_exception Runtime1 stub}
  0x0000000005fc253c: 0000 5de9 | bcd0 3d07 | f4f4 f4f4 
[Stub Code]
  0x0000000005fc2548: ;   {no_reloc}
  0x0000000005fc2548: 0f1f 4400 

  0x0000000005fc254c: ;   {static_stub}
  0x0000000005fc254c: 0048 bb00 | 0000 0000 

  0x0000000005fc2554: ;   {runtime_call nmethod}
  0x0000000005fc2554: 0000 00e9 | fbff ffff 

  0x0000000005fc255c: ;   {static_stub}
  0x0000000005fc255c: 9048 bb00 | 0000 0000 

  0x0000000005fc2564: ;   {runtime_call nmethod}
  0x0000000005fc2564: 0000 00e9 | fbff ffff 

  0x0000000005fc256c: ;   {static_stub}
  0x0000000005fc256c: 9048 bb00 | 0000 0000 

  0x0000000005fc2574: ;   {runtime_call nmethod}
  0x0000000005fc2574: 0000 00e9 | fbff ffff 

  0x0000000005fc257c: ;   {static_stub}
  0x0000000005fc257c: 9048 bb00 | 0000 0000 

  0x0000000005fc2584: ;   {runtime_call nmethod}
  0x0000000005fc2584: 0000 00e9 | fbff ffff 

  0x0000000005fc258c: ;   {static_stub}
  0x0000000005fc258c: 9048 bbe0 | 6610 1700 

  0x0000000005fc2594: ;   {runtime_call I2C/C2I adapters}
  0x0000000005fc2594: 0000 00e9 | 4b2e 3c07 

  0x0000000005fc259c: ;   {static_stub}
  0x0000000005fc259c: 9048 bb00 | 0000 0000 

  0x0000000005fc25a4: ;   {runtime_call nmethod}
  0x0000000005fc25a4: 0000 00e9 | fbff ffff 

  0x0000000005fc25ac: ;   {static_stub}
  0x0000000005fc25ac: 48bb 0000 | 0000 0000 

  0x0000000005fc25b4: ;   {runtime_call nmethod}
  0x0000000005fc25b4: 0000 e9fb 

  0x0000000005fc25b8: ;   {static_stub}
  0x0000000005fc25b8: ffff ff48 | bb00 0000 | 0000 0000 

  0x0000000005fc25c4: ;   {runtime_call nmethod}
  0x0000000005fc25c4: 00e9 fbff 

  0x0000000005fc25c8: ;   {static_stub}
  0x0000000005fc25c8: ffff 48bb | 0000 0000 | 0000 0000 

  0x0000000005fc25d4: ;   {runtime_call nmethod}
  0x0000000005fc25d4: e9fb ffff 

  0x0000000005fc25d8: ;   {static_stub}
  0x0000000005fc25d8: ff48 bb00 | 0000 0000 

  0x0000000005fc25e0: ;   {runtime_call nmethod}
  0x0000000005fc25e0: 0000 00e9 | fbff ffff 
[Exception Handler]
  0x0000000005fc25e8: ;   {runtime_call handle_exception_from_callee Runtime1 stub}
  0x0000000005fc25e8: e893 cd46 

  0x0000000005fc25ec: ;   {external_word}
  0x0000000005fc25ec: 0748 b990 | 7f85 02fd | 7f00 0048 

  0x0000000005fc25f8: ;   {runtime_call}
  0x0000000005fc25f8: 83e4 f048 | b8f0 4248 | 02fd 7f00 | 00ff d0f4 
[Deopt Handler Code]
  0x0000000005fc2608: ;   {section_word}
  0x0000000005fc2608: 49ba 0826 | fc05 0000 | 0000 4152 

  0x0000000005fc2614: ;   {runtime_call DeoptimizationBlob}
  0x0000000005fc2614: e987 173c | 07f4 f4f4 | f4f4 f4f4 
[/MachCode]


---------------  P R O C E S S  ---------------

Threads class SMR info:
_java_thread_list=0x000000005f243a90, length=11, elements={
0x0000000000516670, 0x00000000581b1ea0, 0x00000000581b37a0, 0x00000000581b5320,
0x00000000581b6230, 0x00000000581b9ca0, 0x00000000581ba6f0, 0x00000000581bb520,
0x00000000581e99d0, 0x0000000002c6ec20, 0x000000005e7e3a10
}

Java Threads: ( => current thread )
=>0x0000000000516670 JavaThread "main"                              [_thread_in_vm, id=36640, stack(0x00000000021c0000,0x00000000022c0000) (1024K)]
  0x00000000581b1ea0 JavaThread "Reference Handler"          daemon [_thread_blocked, id=35464, stack(0x0000000059c80000,0x0000000059d80000) (1024K)]
  0x00000000581b37a0 JavaThread "Finalizer"                  daemon [_thread_blocked, id=35308, stack(0x0000000059d80000,0x0000000059e80000) (1024K)]
  0x00000000581b5320 JavaThread "Signal Dispatcher"          daemon [_thread_blocked, id=36680, stack(0x0000000059e80000,0x0000000059f80000) (1024K)]
  0x00000000581b6230 JavaThread "Attach Listener"            daemon [_thread_blocked, id=36276, stack(0x000000005e000000,0x000000005e100000) (1024K)]
  0x00000000581b9ca0 JavaThread "Service Thread"             daemon [_thread_blocked, id=37708, stack(0x000000005e100000,0x000000005e200000) (1024K)]
  0x00000000581ba6f0 JavaThread "Monitor Deflation Thread"   daemon [_thread_blocked, id=37448, stack(0x000000005e200000,0x000000005e300000) (1024K)]
  0x00000000581bb520 JavaThread "C2 CompilerThread0"         daemon [_thread_blocked, id=38748, stack(0x000000005e300000,0x000000005e400000) (1024K)]
  0x00000000581e99d0 JavaThread "C1 CompilerThread0"         daemon [_thread_in_vm, id=37668, stack(0x000000005e400000,0x000000005e500000) (1024K)]
  0x0000000002c6ec20 JavaThread "Common-Cleaner"             daemon [_thread_blocked, id=38580, stack(0x000000005e900000,0x000000005ea00000) (1024K)]
  0x000000005e7e3a10 JavaThread "Notification Thread"        daemon [_thread_blocked, id=37844, stack(0x000000005ea00000,0x000000005eb00000) (1024K)]
Total: 11

Other Threads:
  0x0000000002cc1a60 VMThread "VM Thread"                           [id=35724, stack(0x0000000059b80000,0x0000000059c80000) (1024K)]
  0x00000000580dc3e0 WatcherThread "VM Periodic Task Thread"        [id=36120, stack(0x0000000002a20000,0x0000000002b20000) (1024K)]
  0x0000000002c1f380 WorkerThread "GC Thread#0"                     [id=33776, stack(0x00000000027c0000,0x00000000028c0000) (1024K)]
  0x000000005f23c4a0 WorkerThread "GC Thread#1"                     [id=37828, stack(0x000000005eb00000,0x000000005ec00000) (1024K)]
  0x000000005f1a0230 WorkerThread "GC Thread#2"                     [id=32816, stack(0x000000005f400000,0x000000005f500000) (1024K)]
  0x000000005f23c840 WorkerThread "GC Thread#3"                     [id=37384, stack(0x0000000060630000,0x0000000060730000) (1024K)]
  0x000000005f23cbe0 WorkerThread "GC Thread#4"                     [id=35608, stack(0x0000000060730000,0x0000000060830000) (1024K)]
  0x000000005f1a14c0 WorkerThread "GC Thread#5"                     [id=36240, stack(0x0000000060830000,0x0000000060930000) (1024K)]
  0x000000005f1a1860 WorkerThread "GC Thread#6"                     [id=38360, stack(0x0000000060930000,0x0000000060a30000) (1024K)]
Total: 9

Threads with active compile tasks:
C1 CompilerThread0  2933 1252   !   3       jdk.internal.reflect.DirectConstructorHandleAccessor::newInstance (130 bytes)
Total: 1

VM state: not at safepoint (normal execution)

VM Mutex/Monitor currently owned by a thread:  ([mutex/lock_event])
[0x00007ffd02b0c300] Metaspace_lock - owner thread: 0x0000000000516670

Heap address: 0x00000000c0000000, size: 1024 MB, Compressed Oops mode: 32-bit

CDS archive(s) mapped at: [0x0000000017000000-0x0000000017ba0000-0x0000000017ba0000), size 12189696, SharedBaseAddress: 0x0000000017000000, ArchiveRelocationMode: 1.
Compressed class space mapped at: 0x0000000018000000-0x0000000058000000, reserved size: 1073741824
Narrow klass base: 0x0000000017000000, Narrow klass shift: 0, Narrow klass range: 0x100000000

GC Precious Log:
 CardTable entry size: 512
 CPUs: 8 total, 8 available
 Memory: 16252M
 Large Page Support: Disabled
 NUMA Support: Disabled
 Compressed Oops: Enabled (32-bit)
 Alignments: Space 512K, Generation 512K, Heap 2M
 Heap Min Capacity: 100M
 Heap Initial Capacity: 100M
 Heap Max Capacity: 1G
 Pre-touch: Disabled
 Parallel Workers: 8

Heap:
 PSYoungGen      total 29696K, used 7933K [0x00000000eab00000, 0x00000000ecc00000, 0x0000000100000000)
  eden space 25600K, 18% used [0x00000000eab00000,0x00000000eaf9bd30,0x00000000ec400000)
  from space 4096K, 78% used [0x00000000ec400000,0x00000000ec723aa0,0x00000000ec800000)
  to   space 4096K, 0% used [0x00000000ec800000,0x00000000ec800000,0x00000000ecc00000)
 ParOldGen       total 68608K, used 0K [0x00000000c0000000, 0x00000000c4300000, 0x00000000eab00000)
  object space 68608K, 0% used [0x00000000c0000000,0x00000000c0000000,0x00000000c4300000)
 Metaspace       used 5237K, committed 5440K, reserved 1114112K
  class space    used 523K, committed 640K, reserved 1048576K

Card table byte_map: [0x00000000025b0000,0x00000000027c0000] _byte_map_base: 0x0000000001fb0000

Marking Bits: (ParMarkBitMap*) 0x00007ffd02b13260
 Begin Bits: [0x0000000014e00000, 0x0000000015e00000)
 End Bits:   [0x0000000015e00000, 0x0000000016e00000)

Polling page: 0x0000000000920000

Metaspace:

Usage:
  Non-class:      4.60 MB used.
      Class:    523.54 KB used.
       Both:      5.11 MB used.

Virtual space:
  Non-class space:       64.00 MB reserved,       4.69 MB (  7%) committed,  1 nodes.
      Class space:        1.00 GB reserved,     640.00 KB ( <1%) committed,  1 nodes.
             Both:        1.06 GB reserved,       5.31 MB ( <1%) committed. 

Chunk freelists:
   Non-Class:  10.55 MB
       Class:  15.38 MB
        Both:  25.94 MB

MaxMetaspaceSize: unlimited
CompressedClassSpaceSize: 1.00 GB
Initial GC threshold: 21.00 MB
Current GC threshold: 21.00 MB
CDS: on
 - commit_granule_bytes: 65536.
 - commit_granule_words: 8192.
 - virtual_space_node_default_size: 8388608.
 - enlarge_chunks_in_place: 1.
 - use_allocation_guard: 0.


Internal statistics:

num_allocs_failed_limit: 0.
num_arena_births: 198.
num_arena_deaths: 0.
num_vsnodes_births: 2.
num_vsnodes_deaths: 0.
num_space_committed: 85.
num_space_uncommitted: 0.
num_chunks_returned_to_freelist: 0.
num_chunks_taken_from_freelist: 293.
num_chunk_merges: 0.
num_chunk_splits: 193.
num_chunks_enlarged: 116.
num_inconsistent_stats: 0.

CodeHeap 'non-profiled nmethods': size=120000Kb used=508Kb max_used=508Kb free=119491Kb
 bounds [0x000000000d8d0000, 0x000000000db40000, 0x0000000014e00000]
CodeHeap 'profiled nmethods': size=120000Kb used=2034Kb max_used=2034Kb free=117965Kb
 bounds [0x0000000005e00000, 0x0000000006070000, 0x000000000d330000]
CodeHeap 'non-nmethods': size=5760Kb used=1203Kb max_used=1221Kb free=4556Kb
 bounds [0x000000000d330000, 0x000000000d5a0000, 0x000000000d8d0000]
 total_blobs=1717 nmethods=1250 adapters=374
 compilation: enabled
              stopped_count=0, restarted_count=0
 full_count=0

Compilation events (20 events):
Event: 2.618 Thread 0x00000000581e99d0 1243       3       java.io.BufferedInputStream::implRead (112 bytes)
Event: 2.618 Thread 0x00000000581e99d0 nmethod 1243 0x0000000005ff8c90 code [0x0000000005ff8ec0, 0x0000000005ff95a8]
Event: 2.619 Thread 0x00000000581e99d0 1242   !   3       java.io.BufferedInputStream::read (69 bytes)
Event: 2.619 Thread 0x00000000581e99d0 nmethod 1242 0x0000000005ff9810 code [0x0000000005ff9aa0, 0x0000000005ffa6e0]
Event: 2.620 Thread 0x00000000581e99d0 1224       3       java.lang.Record::<init> (5 bytes)
Event: 2.620 Thread 0x00000000581e99d0 nmethod 1224 0x0000000005ffab90 code [0x0000000005ffad40, 0x0000000005ffaea8]
Event: 2.620 Thread 0x00000000581e99d0 1247       3       jdk.internal.misc.Unsafe::getLongUnaligned (12 bytes)
Event: 2.620 Thread 0x00000000581e99d0 nmethod 1247 0x0000000005ffaf90 code [0x0000000005ffb140, 0x0000000005ffb320]
Event: 2.620 Thread 0x00000000581e99d0 1248       3       java.lang.invoke.MemberName::isCallerSensitive (8 bytes)
Event: 2.621 Thread 0x00000000581e99d0 nmethod 1248 0x0000000005ffb410 code [0x0000000005ffb5c0, 0x0000000005ffb788]
Event: 2.621 Thread 0x00000000581e99d0 1249       3       java.lang.invoke.MethodHandle::isBuiltinLoader (24 bytes)
Event: 2.621 Thread 0x00000000581e99d0 nmethod 1249 0x0000000005ffb890 code [0x0000000005ffba40, 0x0000000005ffbca8]
Event: 2.622 Thread 0x00000000581e99d0 1250       3       java.lang.reflect.Constructor::newInstanceWithCaller (51 bytes)
Event: 2.622 Thread 0x00000000581e99d0 nmethod 1250 0x0000000005ffbd90 code [0x0000000005ffbf60, 0x0000000005ffc238]
Event: 2.623 Thread 0x00000000581bb520 nmethod 1240 0x000000000d94e990 code [0x000000000d94eb20, 0x000000000d94ed60]
Event: 2.623 Thread 0x00000000581bb520 1246       4       java.util.concurrent.locks.AbstractQueuedSynchronizer::compareAndSetState (13 bytes)
Event: 2.623 Thread 0x00000000581e99d0 1251       3       java.lang.reflect.Constructor::newInstance (34 bytes)
Event: 2.623 Thread 0x00000000581bb520 nmethod 1246 0x000000000d94ee10 code [0x000000000d94efa0, 0x000000000d94f040]
Event: 2.623 Thread 0x00000000581e99d0 nmethod 1251 0x0000000005ffc390 code [0x0000000005ffc560, 0x0000000005ffc790]
Event: 2.624 Thread 0x00000000581e99d0 1252   !   3       jdk.internal.reflect.DirectConstructorHandleAccessor::newInstance (130 bytes)

GC Heap History (2 events):
Event: 2.354 GC heap before
{Heap before GC invocations=1 (full 0):
 PSYoungGen      total 29696K, used 25600K [0x00000000eab00000, 0x00000000ecc00000, 0x0000000100000000)
  eden space 25600K, 100% used [0x00000000eab00000,0x00000000ec400000,0x00000000ec400000)
  from space 4096K, 0% used [0x00000000ec800000,0x00000000ec800000,0x00000000ecc00000)
  to   space 4096K, 0% used [0x00000000ec400000,0x00000000ec400000,0x00000000ec800000)
 ParOldGen       total 68608K, used 0K [0x00000000c0000000, 0x00000000c4300000, 0x00000000eab00000)
  object space 68608K, 0% used [0x00000000c0000000,0x00000000c0000000,0x00000000c4300000)
 Metaspace       used 4350K, committed 4544K, reserved 1114112K
  class space    used 439K, committed 512K, reserved 1048576K
}
Event: 2.382 GC heap after
{Heap after GC invocations=1 (full 0):
 PSYoungGen      total 29696K, used 3214K [0x00000000eab00000, 0x00000000ecc00000, 0x0000000100000000)
  eden space 25600K, 0% used [0x00000000eab00000,0x00000000eab00000,0x00000000ec400000)
  from space 4096K, 78% used [0x00000000ec400000,0x00000000ec723aa0,0x00000000ec800000)
  to   space 4096K, 0% used [0x00000000ec800000,0x00000000ec800000,0x00000000ecc00000)
 ParOldGen       total 68608K, used 0K [0x00000000c0000000, 0x00000000c4300000, 0x00000000eab00000)
  object space 68608K, 0% used [0x00000000c0000000,0x00000000c0000000,0x00000000c4300000)
 Metaspace       used 4350K, committed 4544K, reserved 1114112K
  class space    used 439K, committed 512K, reserved 1048576K
}

Dll operation events (8 events):
Event: 0.018 Loaded shared library c:\Users\Sirius\.vscode\extensions\redhat.java-1.41.1-win32-x64\jre\21.0.6-win32-x86_64\bin\java.dll
Event: 0.187 Loaded shared library c:\Users\Sirius\.vscode\extensions\redhat.java-1.41.1-win32-x64\jre\21.0.6-win32-x86_64\bin\zip.dll
Event: 0.250 Loaded shared library C:\Users\Sirius\.vscode\extensions\redhat.java-1.41.1-win32-x64\jre\21.0.6-win32-x86_64\bin\instrument.dll
Event: 0.258 Loaded shared library C:\Users\Sirius\.vscode\extensions\redhat.java-1.41.1-win32-x64\jre\21.0.6-win32-x86_64\bin\net.dll
Event: 0.262 Loaded shared library C:\Users\Sirius\.vscode\extensions\redhat.java-1.41.1-win32-x64\jre\21.0.6-win32-x86_64\bin\nio.dll
Event: 0.267 Loaded shared library C:\Users\Sirius\.vscode\extensions\redhat.java-1.41.1-win32-x64\jre\21.0.6-win32-x86_64\bin\zip.dll
Event: 0.310 Loaded shared library C:\Users\Sirius\.vscode\extensions\redhat.java-1.41.1-win32-x64\jre\21.0.6-win32-x86_64\bin\jimage.dll
Event: 0.578 Loaded shared library c:\Users\Sirius\.vscode\extensions\redhat.java-1.41.1-win32-x64\jre\21.0.6-win32-x86_64\bin\verify.dll

Deoptimization events (20 events):
Event: 2.385 Thread 0x0000000000516670 Uncommon trap: trap_request=0xffffffde fr.pc=0x000000000d91b910 relative=0x0000000000000570
Event: 2.385 Thread 0x0000000000516670 Uncommon trap: reason=class_check action=maybe_recompile pc=0x000000000d91b910 method=java.util.Collections$UnmodifiableCollection$1.<init>(Ljava/util/Collections$UnmodifiableCollection;)V @ 17 c2
Event: 2.385 Thread 0x0000000000516670 DEOPT PACKING pc=0x000000000d91b910 sp=0x00000000022bed30
Event: 2.385 Thread 0x0000000000516670 DEOPT UNPACKING pc=0x000000000d383aa2 sp=0x00000000022bec78 mode 2
Event: 2.385 Thread 0x0000000000516670 Uncommon trap: trap_request=0xffffff45 fr.pc=0x000000000d93c3d0 relative=0x0000000000000290
Event: 2.385 Thread 0x0000000000516670 Uncommon trap: reason=unstable_if action=reinterpret pc=0x000000000d93c3d0 method=java.util.HashMap.hash(Ljava/lang/Object;)I @ 1 c2
Event: 2.385 Thread 0x0000000000516670 DEOPT PACKING pc=0x000000000d93c3d0 sp=0x00000000022becd0
Event: 2.385 Thread 0x0000000000516670 DEOPT UNPACKING pc=0x000000000d383aa2 sp=0x00000000022beb68 mode 2
Event: 2.387 Thread 0x0000000000516670 Uncommon trap: trap_request=0xffffff45 fr.pc=0x000000000d92f92c relative=0x000000000000034c
Event: 2.387 Thread 0x0000000000516670 Uncommon trap: reason=unstable_if action=reinterpret pc=0x000000000d92f92c method=java.util.HashMap.hash(Ljava/lang/Object;)I @ 1 c2
Event: 2.387 Thread 0x0000000000516670 DEOPT PACKING pc=0x000000000d92f92c sp=0x00000000022bec70
Event: 2.387 Thread 0x0000000000516670 DEOPT UNPACKING pc=0x000000000d383aa2 sp=0x00000000022beb78 mode 2
Event: 2.387 Thread 0x0000000000516670 Uncommon trap: trap_request=0xffffffde fr.pc=0x000000000d91b910 relative=0x0000000000000570
Event: 2.387 Thread 0x0000000000516670 Uncommon trap: reason=class_check action=maybe_recompile pc=0x000000000d91b910 method=java.util.Collections$UnmodifiableCollection$1.<init>(Ljava/util/Collections$UnmodifiableCollection;)V @ 17 c2
Event: 2.387 Thread 0x0000000000516670 DEOPT PACKING pc=0x000000000d91b910 sp=0x00000000022bed30
Event: 2.387 Thread 0x0000000000516670 DEOPT UNPACKING pc=0x000000000d383aa2 sp=0x00000000022bec78 mode 2
Event: 2.472 Thread 0x0000000000516670 Uncommon trap: trap_request=0xffffffde fr.pc=0x000000000d93e124 relative=0x0000000000000544
Event: 2.472 Thread 0x0000000000516670 Uncommon trap: reason=class_check action=maybe_recompile pc=0x000000000d93e124 method=java.util.HashMap.putVal(ILjava/lang/Object;Ljava/lang/Object;ZZ)Ljava/lang/Object; @ 253 c2
Event: 2.472 Thread 0x0000000000516670 DEOPT PACKING pc=0x000000000d93e124 sp=0x00000000022bd380
Event: 2.472 Thread 0x0000000000516670 DEOPT UNPACKING pc=0x000000000d383aa2 sp=0x00000000022bd340 mode 2

Classes loaded (20 events):
Event: 2.569 Loading class java/nio/channels/FileLock done
Event: 2.569 Loading class sun/nio/ch/FileLockImpl done
Event: 2.569 Loading class sun/nio/ch/NativeThread
Event: 2.569 Loading class sun/nio/ch/NativeThread done
Event: 2.569 Loading class sun/nio/ch/FileLockTable
Event: 2.570 Loading class sun/nio/ch/FileLockTable done
Event: 2.570 Loading class sun/nio/ch/FileKey
Event: 2.570 Loading class sun/nio/ch/FileKey done
Event: 2.570 Loading class sun/nio/ch/FileLockTable$FileLockReference
Event: 2.570 Loading class sun/nio/ch/FileLockTable$FileLockReference done
Event: 2.573 Loading class java/util/function/IntUnaryOperator
Event: 2.573 Loading class java/util/function/IntUnaryOperator done
Event: 2.575 Loading class java/io/DeleteOnExitHook
Event: 2.575 Loading class java/io/DeleteOnExitHook done
Event: 2.575 Loading class java/io/DeleteOnExitHook$1
Event: 2.575 Loading class java/io/DeleteOnExitHook$1 done
Event: 2.576 Loading class java/util/ComparableTimSort
Event: 2.577 Loading class java/util/ComparableTimSort done
Event: 2.620 Loading class java/lang/invoke/DirectMethodHandle$Special
Event: 2.620 Loading class java/lang/invoke/DirectMethodHandle$Special done

Classes unloaded (0 events):
No events

Classes redefined (0 events):
No events

Internal exceptions (20 events):
Event: 1.948 Thread 0x0000000000516670 Exception <a 'java/lang/NoSuchMethodError'{0x00000000ebeb1640}: 'java.lang.ClassLoader java.lang.ClassLoader.getPlatformClassLoader(java.lang.Class)'> (0x00000000ebeb1640) 
thrown [s\src\hotspot\share\interpreter\linkResolver.cpp, line 773]
Event: 2.167 Thread 0x0000000000516670 Exception <a 'java/lang/ClassNotFoundException'{0x00000000ec2b38f0}: sun/net/www/protocol/c/Handler> (0x00000000ec2b38f0) 
thrown [s\src\hotspot\share\classfile\systemDictionary.cpp, line 312]
Event: 2.168 Thread 0x0000000000516670 Exception <a 'java/lang/ClassNotFoundException'{0x00000000ec2b4d88}: sun/net/www/protocol/d/Handler> (0x00000000ec2b4d88) 
thrown [s\src\hotspot\share\classfile\systemDictionary.cpp, line 312]
Event: 2.168 Thread 0x0000000000516670 Exception <a 'java/lang/ClassNotFoundException'{0x00000000ec2b6108}: sun/net/www/protocol/c/Handler> (0x00000000ec2b6108) 
thrown [s\src\hotspot\share\classfile\systemDictionary.cpp, line 312]
Event: 2.187 Thread 0x0000000000516670 Exception <a 'java/io/FileNotFoundException'{0x00000000ec2dc0e8}> (0x00000000ec2dc0e8) 
thrown [s\src\hotspot\share\prims\jni.cpp, line 520]
Event: 2.384 Thread 0x0000000000516670 Implicit null exception at 0x000000000d92c7c9 to 0x000000000d92d16c
Event: 2.385 Thread 0x0000000000516670 Implicit null exception at 0x000000000d93c1a0 to 0x000000000d93c3b8
Event: 2.385 Thread 0x0000000000516670 Exception <a 'java/lang/NoSuchMethodError'{0x00000000eab096a0}: 'void java.lang.invoke.DirectMethodHandle$Holder.invokeStatic(java.lang.Object, java.lang.Object, java.lang.Object, java.lang.Object)'> (0x00000000eab096a0) 
thrown [s\src\hotspot\share\interpreter\linkResolver.cpp, line 773]
Event: 2.387 Thread 0x0000000000516670 Implicit null exception at 0x000000000d92f640 to 0x000000000d92f914
Event: 2.484 Thread 0x0000000000516670 Exception <a 'java/lang/NoSuchMethodError'{0x00000000ead86b48}: 'long java.lang.invoke.DirectMethodHandle$Holder.invokeStatic(java.lang.Object, java.lang.Object, int)'> (0x00000000ead86b48) 
thrown [s\src\hotspot\share\interpreter\linkResolver.cpp, line 773]
Event: 2.487 Thread 0x0000000000516670 Exception <a 'java/lang/NoSuchMethodError'{0x00000000ead8e650}: 'java.lang.Object java.lang.invoke.DirectMethodHandle$Holder.invokeSpecial(java.lang.Object, java.lang.Object, java.lang.Object, java.lang.Object, long)'> (0x00000000ead8e650) 
thrown [s\src\hotspot\share\interpreter\linkResolver.cpp, line 773]
Event: 2.493 Thread 0x0000000000516670 Exception <a 'java/lang/NoSuchMethodError'{0x00000000ead9c2d0}: 'java.lang.Object java.lang.invoke.DirectMethodHandle$Holder.invokeSpecial(java.lang.Object, java.lang.Object, java.lang.Object, int, java.lang.Object)'> (0x00000000ead9c2d0) 
thrown [s\src\hotspot\share\interpreter\linkResolver.cpp, line 773]
Event: 2.506 Thread 0x0000000000516670 Exception <a 'java/lang/NoSuchMethodError'{0x00000000eadb3c58}: 'java.lang.Object java.lang.invoke.Invokers$Holder.invokeExact_MT(java.lang.Object, java.lang.Object, java.lang.Object, java.lang.Object, java.lang.Object, java.lang.Object)'> (0x00000000eadb3c58) 
thrown [s\src\hotspot\share\interpreter\linkResolver.cpp, line 773]
Event: 2.511 Thread 0x0000000000516670 Exception <a 'java/lang/NoSuchMethodError'{0x00000000eadcd528}: 'int java.lang.invoke.DirectMethodHandle$Holder.invokeStaticInit(java.lang.Object, java.lang.Object, java.lang.Object, java.lang.Object)'> (0x00000000eadcd528) 
thrown [s\src\hotspot\share\interpreter\linkResolver.cpp, line 773]
Event: 2.513 Thread 0x0000000000516670 Exception <a 'java/lang/NoSuchMethodError'{0x00000000eadd5ce0}: 'java.lang.Object java.lang.invoke.DirectMethodHandle$Holder.invokeInterface(java.lang.Object, java.lang.Object)'> (0x00000000eadd5ce0) 
thrown [s\src\hotspot\share\interpreter\linkResolver.cpp, line 773]
Event: 2.514 Thread 0x0000000000516670 Exception <a 'java/lang/IncompatibleClassChangeError'{0x00000000eadd9218}: Found class java.lang.Object, but interface was expected> (0x00000000eadd9218) 
thrown [s\src\hotspot\share\interpreter\linkResolver.cpp, line 840]
Event: 2.515 Thread 0x0000000000516670 Exception <a 'java/lang/NoSuchMethodError'{0x00000000eaddd3d0}: 'void java.lang.invoke.DirectMethodHandle$Holder.invokeStatic(java.lang.Object, java.lang.Object)'> (0x00000000eaddd3d0) 
thrown [s\src\hotspot\share\interpreter\linkResolver.cpp, line 773]
Event: 2.515 Thread 0x0000000000516670 Exception <a 'java/lang/NoSuchMethodError'{0x00000000eade0778}: 'void java.lang.invoke.DirectMethodHandle$Holder.invokeStaticInit(java.lang.Object, java.lang.Object)'> (0x00000000eade0778) 
thrown [s\src\hotspot\share\interpreter\linkResolver.cpp, line 773]
Event: 2.517 Thread 0x0000000000516670 Exception <a 'java/lang/NoSuchMethodError'{0x00000000eade7778}: 'int java.lang.invoke.DirectMethodHandle$Holder.invokeStaticInit(java.lang.Object, java.lang.Object)'> (0x00000000eade7778) 
thrown [s\src\hotspot\share\interpreter\linkResolver.cpp, line 773]
Event: 2.620 Thread 0x0000000000516670 Exception <a 'java/lang/NoSuchMethodError'{0x00000000eaf25880}: 'void java.lang.invoke.DirectMethodHandle$Holder.invokeSpecial(java.lang.Object, java.lang.Object, java.lang.Object)'> (0x00000000eaf25880) 
thrown [s\src\hotspot\share\interpreter\linkResolver.cpp, line 773]

ZGC Phase Switch (0 events):
No events

VM Operations (14 events):
Event: 0.181 Executing VM operation: HandshakeAllThreads (Deoptimize)
Event: 0.181 Executing VM operation: HandshakeAllThreads (Deoptimize) done
Event: 0.339 Executing VM operation: HandshakeAllThreads (Deoptimize)
Event: 0.339 Executing VM operation: HandshakeAllThreads (Deoptimize) done
Event: 1.354 Executing VM operation: Cleanup
Event: 1.369 Executing VM operation: Cleanup done
Event: 1.431 Executing VM operation: HandshakeAllThreads (Deoptimize)
Event: 1.431 Executing VM operation: HandshakeAllThreads (Deoptimize) done
Event: 1.488 Executing VM operation: HandshakeAllThreads (Deoptimize)
Event: 1.488 Executing VM operation: HandshakeAllThreads (Deoptimize) done
Event: 2.098 Executing VM operation: HandshakeAllThreads (Deoptimize)
Event: 2.098 Executing VM operation: HandshakeAllThreads (Deoptimize) done
Event: 2.354 Executing VM operation: ParallelGCFailedAllocation (Allocation Failure)
Event: 2.382 Executing VM operation: ParallelGCFailedAllocation (Allocation Failure) done

Memory protections (0 events):
No events

Nmethod flushes (0 events):
No events

Events (15 events):
Event: 0.050 Thread 0x0000000000516670 Thread added: 0x0000000000516670
Event: 0.076 Thread 0x0000000000516670 Thread added: 0x00000000581b1ea0
Event: 0.076 Thread 0x0000000000516670 Thread added: 0x00000000581b37a0
Event: 0.077 Thread 0x0000000000516670 Thread added: 0x00000000581b5320
Event: 0.077 Thread 0x0000000000516670 Thread added: 0x00000000581b6230
Event: 0.077 Thread 0x0000000000516670 Thread added: 0x00000000581b9ca0
Event: 0.077 Thread 0x0000000000516670 Thread added: 0x00000000581ba6f0
Event: 0.077 Thread 0x0000000000516670 Thread added: 0x00000000581bb520
Event: 0.079 Thread 0x0000000000516670 Thread added: 0x00000000581e99d0
Event: 0.155 Thread 0x0000000000516670 Thread added: 0x0000000002c6ec20
Event: 0.871 Thread 0x0000000000516670 Thread added: 0x000000005e7e3a10
Event: 1.219 Thread 0x00000000581e99d0 Thread added: 0x000000005e86c260
Event: 1.306 Thread 0x00000000581e99d0 Thread added: 0x000000005e8aa4f0
Event: 1.712 Thread 0x000000005e8aa4f0 Thread exited: 0x000000005e8aa4f0
Event: 1.982 Thread 0x000000005e86c260 Thread exited: 0x000000005e86c260


Dynamic libraries:
0x00007ff7b8280000 - 0x00007ff7b828e000 	c:\Users\Sirius\.vscode\extensions\redhat.java-1.41.1-win32-x64\jre\21.0.6-win32-x86_64\bin\java.exe
0x00007ffd94450000 - 0x00007ffd94648000 	C:\Windows\SYSTEM32\ntdll.dll
0x00007ffd94340000 - 0x00007ffd94402000 	C:\Windows\System32\KERNEL32.DLL
0x00007ffd91d10000 - 0x00007ffd92006000 	C:\Windows\System32\KERNELBASE.dll
0x00007ffd92210000 - 0x00007ffd92310000 	C:\Windows\System32\ucrtbase.dll
0x00007ffd89340000 - 0x00007ffd8935e000 	c:\Users\Sirius\.vscode\extensions\redhat.java-1.41.1-win32-x64\jre\21.0.6-win32-x86_64\bin\VCRUNTIME140.dll
0x00007ffd761f0000 - 0x00007ffd76208000 	c:\Users\Sirius\.vscode\extensions\redhat.java-1.41.1-win32-x64\jre\21.0.6-win32-x86_64\bin\jli.dll
0x00007ffd92e00000 - 0x00007ffd92f9d000 	C:\Windows\System32\USER32.dll
0x00007ffd92010000 - 0x00007ffd92032000 	C:\Windows\System32\win32u.dll
0x00007ffd938a0000 - 0x00007ffd938cb000 	C:\Windows\System32\GDI32.dll
0x00007ffd7c560000 - 0x00007ffd7c7fa000 	C:\Windows\WinSxS\amd64_microsoft.windows.common-controls_6595b64144ccf1df_6.0.19041.4355_none_60b8b9eb71f62e16\COMCTL32.dll
0x00007ffd91ba0000 - 0x00007ffd91cba000 	C:\Windows\System32\gdi32full.dll
0x00007ffd920c0000 - 0x00007ffd9215d000 	C:\Windows\System32\msvcp_win.dll
0x00007ffd92c10000 - 0x00007ffd92cae000 	C:\Windows\System32\msvcrt.dll
0x00007ffd92be0000 - 0x00007ffd92c0f000 	C:\Windows\System32\IMM32.DLL
0x00007ffd79870000 - 0x00007ffd7987c000 	c:\Users\Sirius\.vscode\extensions\redhat.java-1.41.1-win32-x64\jre\21.0.6-win32-x86_64\bin\vcruntime140_1.dll
0x00007ffd24320000 - 0x00007ffd243ad000 	c:\Users\Sirius\.vscode\extensions\redhat.java-1.41.1-win32-x64\jre\21.0.6-win32-x86_64\bin\msvcp140.dll
0x00007ffd01e60000 - 0x00007ffd02bf0000 	c:\Users\Sirius\.vscode\extensions\redhat.java-1.41.1-win32-x64\jre\21.0.6-win32-x86_64\bin\server\jvm.dll
0x00007ffd93a60000 - 0x00007ffd93b0f000 	C:\Windows\System32\ADVAPI32.dll
0x00007ffd92d50000 - 0x00007ffd92def000 	C:\Windows\System32\sechost.dll
0x00007ffd93770000 - 0x00007ffd93893000 	C:\Windows\System32\RPCRT4.dll
0x00007ffd91b70000 - 0x00007ffd91b97000 	C:\Windows\System32\bcrypt.dll
0x00007ffd939e0000 - 0x00007ffd93a4b000 	C:\Windows\System32\WS2_32.dll
0x00007ffd8b000000 - 0x00007ffd8b00a000 	C:\Windows\SYSTEM32\VERSION.dll
0x00007ffd91070000 - 0x00007ffd910bb000 	C:\Windows\SYSTEM32\POWRPROF.dll
0x00007ffd7e0c0000 - 0x00007ffd7e0e7000 	C:\Windows\SYSTEM32\WINMM.dll
0x00007ffd90f20000 - 0x00007ffd90f32000 	C:\Windows\SYSTEM32\UMPDC.dll
0x00007ffd90300000 - 0x00007ffd90312000 	C:\Windows\SYSTEM32\kernel.appcore.dll
0x00007ffd6d700000 - 0x00007ffd6d70a000 	c:\Users\Sirius\.vscode\extensions\redhat.java-1.41.1-win32-x64\jre\21.0.6-win32-x86_64\bin\jimage.dll
0x00007ffd8f930000 - 0x00007ffd8fb14000 	C:\Windows\SYSTEM32\DBGHELP.DLL
0x00007ffd75460000 - 0x00007ffd75494000 	C:\Windows\SYSTEM32\dbgcore.DLL
0x00007ffd91ae0000 - 0x00007ffd91b62000 	C:\Windows\System32\bcryptPrimitives.dll
0x00007ffd6d530000 - 0x00007ffd6d53f000 	c:\Users\Sirius\.vscode\extensions\redhat.java-1.41.1-win32-x64\jre\21.0.6-win32-x86_64\bin\instrument.dll
0x00007ffd64bb0000 - 0x00007ffd64bcf000 	c:\Users\Sirius\.vscode\extensions\redhat.java-1.41.1-win32-x64\jre\21.0.6-win32-x86_64\bin\java.dll
0x00007ffd92470000 - 0x00007ffd92bdf000 	C:\Windows\System32\SHELL32.dll
0x00007ffd8fb40000 - 0x00007ffd902e3000 	C:\Windows\SYSTEM32\windows.storage.dll
0x00007ffd93410000 - 0x00007ffd93765000 	C:\Windows\System32\combase.dll
0x00007ffd91510000 - 0x00007ffd9153b000 	C:\Windows\SYSTEM32\Wldp.dll
0x00007ffd930d0000 - 0x00007ffd9319d000 	C:\Windows\System32\OLEAUT32.dll
0x00007ffd938d0000 - 0x00007ffd9397d000 	C:\Windows\System32\SHCORE.dll
0x00007ffd93de0000 - 0x00007ffd93e35000 	C:\Windows\System32\shlwapi.dll
0x00007ffd91a10000 - 0x00007ffd91a35000 	C:\Windows\SYSTEM32\profapi.dll
0x00007ffd5e180000 - 0x00007ffd5e198000 	c:\Users\Sirius\.vscode\extensions\redhat.java-1.41.1-win32-x64\jre\21.0.6-win32-x86_64\bin\zip.dll
0x00007ffd6c3d0000 - 0x00007ffd6c3e0000 	C:\Users\Sirius\.vscode\extensions\redhat.java-1.41.1-win32-x64\jre\21.0.6-win32-x86_64\bin\net.dll
0x00007ffd8a040000 - 0x00007ffd8a14a000 	C:\Windows\SYSTEM32\WINHTTP.dll
0x00007ffd91270000 - 0x00007ffd912dc000 	C:\Windows\system32\mswsock.dll
0x00007ffd5bd50000 - 0x00007ffd5bd66000 	C:\Users\Sirius\.vscode\extensions\redhat.java-1.41.1-win32-x64\jre\21.0.6-win32-x86_64\bin\nio.dll
0x00007ffd6a4b0000 - 0x00007ffd6a4c0000 	c:\Users\Sirius\.vscode\extensions\redhat.java-1.41.1-win32-x64\jre\21.0.6-win32-x86_64\bin\verify.dll

dbghelp: loaded successfully - version: 4.0.5 - missing functions: none
symbol engine: initialized successfully - sym options: 0x614 - pdb path: .;c:\Users\Sirius\.vscode\extensions\redhat.java-1.41.1-win32-x64\jre\21.0.6-win32-x86_64\bin;C:\Windows\SYSTEM32;C:\Windows\WinSxS\amd64_microsoft.windows.common-controls_6595b64144ccf1df_6.0.19041.4355_none_60b8b9eb71f62e16;c:\Users\Sirius\.vscode\extensions\redhat.java-1.41.1-win32-x64\jre\21.0.6-win32-x86_64\bin\server

VM Arguments:
jvm_args: --add-modules=ALL-SYSTEM --add-opens=java.base/java.util=ALL-UNNAMED --add-opens=java.base/java.lang=ALL-UNNAMED --add-opens=java.base/sun.nio.fs=ALL-UNNAMED -Declipse.application=org.eclipse.jdt.ls.core.id1 -Dosgi.bundles.defaultStartLevel=4 -Declipse.product=org.eclipse.jdt.ls.core.product -Djava.import.generatesMetadataFilesAtProjectRoot=false -DDetectVMInstallationsJob.disabled=true -Dfile.encoding=utf8 -XX:+UseParallelGC -XX:GCTimeRatio=4 -XX:AdaptiveSizePolicyWeight=90 -Dsun.zip.disableMemoryMapping=true -Xmx1G -Xms100m -Xlog:disable -javaagent:c:\Users\Sirius\.vscode\extensions\redhat.java-1.41.1-win32-x64\lombok\lombok-1.18.36.jar 
java_command: c:\Users\Sirius\.vscode\extensions\redhat.java-1.41.1-win32-x64\server\plugins\org.eclipse.equinox.launcher_1.7.0.v20250331-1702.jar -configuration c:\Users\Sirius\AppData\Roaming\Code\User\globalStorage\redhat.java\1.41.1\config_ss_win -data c:\Users\Sirius\AppData\Roaming\Code\User\workspaceStorage\30a71a52b3a2c275e2a1251976667930\redhat.java\ss_ws --pipe=\\.\pipe\lsp-aeb19a4dcff8309c0178118dc07631cd-sock
java_class_path (initial): c:\Users\Sirius\.vscode\extensions\redhat.java-1.41.1-win32-x64\server\plugins\org.eclipse.equinox.launcher_1.7.0.v20250331-1702.jar
Launcher Type: SUN_STANDARD

[Global flags]
    uintx AdaptiveSizePolicyWeight                 = 90                                        {product} {command line}
     intx CICompilerCount                          = 4                                         {product} {ergonomic}
    uintx GCTimeRatio                              = 4                                         {product} {command line}
   size_t InitialHeapSize                          = 104857600                                 {product} {command line}
   size_t MaxHeapSize                              = 1073741824                                {product} {command line}
   size_t MaxNewSize                               = 357564416                                 {product} {ergonomic}
   size_t MinHeapDeltaBytes                        = 524288                                    {product} {ergonomic}
   size_t MinHeapSize                              = 104857600                                 {product} {command line}
   size_t NewSize                                  = 34603008                                  {product} {ergonomic}
    uintx NonNMethodCodeHeapSize                   = 5839372                                {pd product} {ergonomic}
    uintx NonProfiledCodeHeapSize                  = 122909434                              {pd product} {ergonomic}
   size_t OldSize                                  = 70254592                                  {product} {ergonomic}
    uintx ProfiledCodeHeapSize                     = 122909434                              {pd product} {ergonomic}
    uintx ReservedCodeCacheSize                    = 251658240                              {pd product} {ergonomic}
     bool SegmentedCodeCache                       = true                                      {product} {ergonomic}
   size_t SoftMaxHeapSize                          = 1073741824                             {manageable} {ergonomic}
     bool UseCompressedOops                        = true                           {product lp64_product} {ergonomic}
     bool UseLargePagesIndividualAllocation        = false                                  {pd product} {ergonomic}
     bool UseParallelGC                            = true                                      {product} {command line}

Logging:
Log output configuration:
 #0: stdout all=off uptime,level,tags foldmultilines=false
 #1: stderr all=off uptime,level,tags foldmultilines=false

Environment Variables:
JAVA_HOME=C:\Progra~1\Java\jdk-17.0.1
PATH=C:\Program Files\Eclipse Adoptium\jdk-17.0.12.7-hotspot\bin;C:\Program Files\Eclipse Adoptium\jdk-11.0.24.8-hotspot\bin;C:\Program Files\Common Files\Oracle\Java\javapath;C:\Program Files (x86)\Common Files\Oracle\Java\java8path;C:\Program Files (x86)\Common Files\Oracle\Java\javapath;C:\Python310\Scripts\;C:\Python310\;C:\Windows\system32;C:\Windows;C:\Windows\System32\Wbem;C:\Windows\System32\WindowsPowerShell\v1.0\;C:\Windows\System32\OpenSSH\;C:\Program Files\NVIDIA Corporation\NVIDIA NvDLISR;C:\Program Files\dotnet\;C:\ProgramData\chocolatey\bin;C:\Program Files (x86)\NVIDIA Corporation\PhysX\Common;C:\Program Files\nodejs\;C:\Program Files\Git\cmd;C:\python38\Scripts\;C:\python38\;C:\Users\Sirius\AppData\Local\Microsoft\WindowsApps;C:\Users\Sirius\AppData\Local\Programs\Microsoft VS Code\bin;C:\Users\Sirius\.dotnet\tools;C:\Program Files\MySQL\MySQL Server 8.2\bin;C:\Program Files\MongoDB\Server\7.0\bin;C:\Users\Sirius\AppData\Local\GitHubDesktop\bin;C:\Users\Sirius\AppData\Roaming\npm;C:\Users\Sirius\AppData\Local\Android\Sdk\platform-tools;
USERNAME=Sirius
OS=Windows_NT
PROCESSOR_IDENTIFIER=Intel64 Family 6 Model 158 Stepping 9, GenuineIntel
TMP=C:\Users\Sirius\AppData\Local\Temp
TEMP=C:\Users\Sirius\AppData\Local\Temp




Periodic native trim disabled

---------------  S Y S T E M  ---------------

OS:
 Windows 10 , 64 bit Build 19041 (10.0.19041.5678)
OS uptime: 0 days 20:41 hours

CPU: total 8 (initial active 8) (4 cores per cpu, 2 threads per core) family 6 model 158 stepping 9 microcode 0xb4, cx8, cmov, fxsr, ht, mmx, 3dnowpref, sse, sse2, sse3, ssse3, sse4.1, sse4.2, popcnt, lzcnt, tsc, tscinvbit, avx, avx2, aes, erms, clmul, bmi1, bmi2, adx, fma, vzeroupper, clflush, clflushopt, rdtscp, f16c
Processor Information for the first 8 processors :
  Max Mhz: 2801, Current Mhz: 2801, Mhz Limit: 2801

Memory: 4k page, system-wide physical 16252M (4361M free)
TotalPageFile size 18300M (AvailPageFile size 44M)
current process WorkingSet (physical memory assigned to process): 81M, peak: 81M
current process commit charge ("private bytes"): 201M, peak: 201M

vm_info: OpenJDK 64-Bit Server VM (21.0.6+7-LTS) for windows-amd64 JRE (21.0.6+7-LTS), built on 2025-01-21T00:00:00Z by "admin" with MS VC++ 17.7 (VS2022)

END.
